22.5.2022, 12:20:34 - INFO - Socket disconnected [id: undefined] 
22.5.2022, 12:20:36 - INFO - New connected socket [id: tYzzj2eSL6XNvq_oAAAJ] 
22.5.2022, 12:21:03 - DEBUG - auth.service - login with username: user1 (userId: 614ad26392b8a1101045b3a1)
22.5.2022, 12:21:03 - INFO - User login:  | {"_id":"614ad26392b8a1101045b3a1","username":"user1","fullname":"Puki Norma","score":3140} (userId: 614ad26392b8a1101045b3a1)
22.5.2022, 12:21:03 - INFO - Setting socket.userId = 614ad26392b8a1101045b3a1 for socket [id: tYzzj2eSL6XNvq_oAAAJ] 
22.5.2022, 12:22:35 - INFO - Socket disconnected [id: undefined] 
22.5.2022, 12:22:35 - INFO - Socket disconnected [id: undefined] 
22.5.2022, 12:22:36 - INFO - Socket disconnected [id: undefined] 
22.5.2022, 12:22:37 - INFO - New connected socket [id: 2QqTjVzWwdROXu0bAAAM] 
22.5.2022, 12:22:37 - INFO - New connected socket [id: B7bS9JRGsmK28rYzAAAN] 
22.5.2022, 12:22:39 - INFO - New connected socket [id: mRCJ4rbIGO73BMMcAAAP] 
22.5.2022, 12:22:40 - INFO - Setting socket.userId = 614ad26392b8a1101045b3a1 for socket [id: mRCJ4rbIGO73BMMcAAAP] 
22.5.2022, 12:27:03 - INFO - New connected socket [id: -BUzrAfBLsXryiQaAAAR] 
22.5.2022, 12:27:03 - INFO - Setting socket.userId = 614ad26392b8a1101045b3a1 for socket [id: -BUzrAfBLsXryiQaAAAR] 
22.5.2022, 12:27:05 - INFO - New chat msg from socket [id: -BUzrAfBLsXryiQaAAAR], emitting to topic Love 
22.5.2022, 12:27:18 - INFO - Socket disconnected [id: undefined] 
22.5.2022, 12:27:18 - INFO - Socket disconnected [id: undefined] 
22.5.2022, 12:27:20 - INFO - New connected socket [id: KZiycNPywcK8xCxQAAAU] 
22.5.2022, 12:27:21 - INFO - New connected socket [id: MlFm92RP29rT74FnAAAV] 
22.5.2022, 12:27:21 - INFO - Setting socket.userId = 614ad26392b8a1101045b3a1 for socket [id: MlFm92RP29rT74FnAAAV] 
22.5.2022, 12:27:21 - INFO - Setting socket.userId = 614ad26392b8a1101045b3a1 for socket [id: MlFm92RP29rT74FnAAAV] 
22.5.2022, 12:27:24 - INFO - New chat msg from socket [id: MlFm92RP29rT74FnAAAV], emitting to topic Love 
22.5.2022, 12:28:08 - INFO - New connected socket [id: U4n1j5ZqaWEe58Y4AAAX] 
22.5.2022, 12:28:08 - INFO - New connected socket [id: 86fdhRiDYQQD6XUMAAAZ] 
22.5.2022, 12:28:09 - INFO - Setting socket.userId = 614ad26392b8a1101045b3a1 for socket [id: 86fdhRiDYQQD6XUMAAAZ] 
22.5.2022, 12:28:30 - INFO - Socket disconnected [id: undefined] 
22.5.2022, 12:28:30 - INFO - Socket disconnected [id: undefined] 
22.5.2022, 12:28:53 - INFO - Socket disconnected [id: undefined] 
22.5.2022, 12:29:17 - INFO - New connected socket [id: n_mkJjbSZVo4YOVmAAAb] 
22.5.2022, 12:29:18 - INFO - New connected socket [id: ejNTHKpzzJ89YHCgAAAd] 
22.5.2022, 12:29:18 - INFO - New connected socket [id: 1FfDydN0OapSNjz_AAAf] 
22.5.2022, 12:29:18 - INFO - Setting socket.userId = 614ad26392b8a1101045b3a1 for socket [id: 1FfDydN0OapSNjz_AAAf] 
22.5.2022, 12:29:18 - INFO - Setting socket.userId = 614ad26392b8a1101045b3a1 for socket [id: 1FfDydN0OapSNjz_AAAf] 
22.5.2022, 12:29:25 - INFO - New chat msg from socket [id: 1FfDydN0OapSNjz_AAAf], emitting to topic Love 
22.5.2022, 12:29:37 - INFO - Socket disconnected [id: undefined] 
22.5.2022, 12:29:37 - INFO - Socket disconnected [id: undefined] 
22.5.2022, 12:29:37 - INFO - Socket disconnected [id: undefined] 
22.5.2022, 12:29:37 - INFO - Socket disconnected [id: undefined] 
22.5.2022, 12:29:38 - INFO - New connected socket [id: fvBwvzWDtD92GhMfAAAi] 
22.5.2022, 12:29:38 - INFO - New connected socket [id: rGrIV1Ru3JpYKanLAAAj] 
22.5.2022, 12:29:40 - INFO - New chat msg from socket [id: fvBwvzWDtD92GhMfAAAi], emitting to topic Love 
22.5.2022, 12:29:48 - INFO - Socket is leaving topic Love [id: fvBwvzWDtD92GhMfAAAi] 
22.5.2022, 12:29:50 - INFO - New chat msg from socket [id: fvBwvzWDtD92GhMfAAAi], emitting to topic Politics 
22.5.2022, 12:29:52 - INFO - Socket is leaving topic Love [id: 1FfDydN0OapSNjz_AAAf] 
22.5.2022, 12:29:57 - INFO - New chat msg from socket [id: 1FfDydN0OapSNjz_AAAf], emitting to topic Politics 
22.5.2022, 12:30:04 - INFO - New connected socket [id: plCcCqupiDHyld2UAAAl] 
22.5.2022, 12:30:05 - INFO - Setting socket.userId = 614ad26392b8a1101045b3a1 for socket [id: plCcCqupiDHyld2UAAAl] 
22.5.2022, 12:30:08 - INFO - New chat msg from socket [id: plCcCqupiDHyld2UAAAl], emitting to topic Politics 
22.5.2022, 12:30:33 - INFO - New connected socket [id: 0stgyTJy3n4OgaYnAAAn] 
22.5.2022, 12:30:34 - INFO - New connected socket [id: ydymkx_-7V93uBzDAAAp] 
22.5.2022, 12:30:34 - INFO - Setting socket.userId = 614ad26392b8a1101045b3a1 for socket [id: 0stgyTJy3n4OgaYnAAAn] 
22.5.2022, 12:33:50 - INFO - Socket disconnected [id: undefined] 
22.5.2022, 12:33:50 - INFO - Socket disconnected [id: undefined] 
22.5.2022, 12:33:50 - INFO - Socket disconnected [id: undefined] 
22.5.2022, 12:33:50 - INFO - Socket disconnected [id: undefined] 
22.5.2022, 12:33:50 - INFO - Socket disconnected [id: undefined] 
22.5.2022, 12:33:51 - INFO - Socket disconnected [id: undefined] 
22.5.2022, 12:33:51 - INFO - Socket disconnected [id: undefined] 
22.5.2022, 12:33:54 - INFO - New connected socket [id: TTmNL1dGwk-S_jULAAAs] 
22.5.2022, 12:33:54 - INFO - New connected socket [id: U6AwtEMcqFfKt0PQAAAt] 
22.5.2022, 12:33:56 - INFO - New connected socket [id: XxiopI45tBSt4agTAAAv] 
22.5.2022, 12:33:56 - INFO - New connected socket [id: qbsSlJtWRI7m7a02AAAx] 
22.5.2022, 12:34:01 - INFO - Setting socket.userId = 614ad26392b8a1101045b3a1 for socket [id: qbsSlJtWRI7m7a02AAAx] 
22.5.2022, 12:34:01 - INFO - Setting socket.userId = 614ad26392b8a1101045b3a1 for socket [id: qbsSlJtWRI7m7a02AAAx] 
22.5.2022, 12:34:01 - INFO - New connected socket [id: 3wRnMPyGKGzFJ2NpAAAz] 
22.5.2022, 12:34:01 - INFO - New connected socket [id: YW9Fu4crINjIpAIBAAA1] 
22.5.2022, 12:34:02 - INFO - Setting socket.userId = 614ad26392b8a1101045b3a1 for socket [id: 3wRnMPyGKGzFJ2NpAAAz] 
22.5.2022, 12:34:12 - INFO - New connected socket [id: M_WYsYSrYNMnwgL-AAA3] 
22.5.2022, 12:34:12 - INFO - New connected socket [id: tqi40f8K4hopopZWAAA5] 
22.5.2022, 12:34:13 - INFO - Setting socket.userId = 614ad26392b8a1101045b3a1 for socket [id: M_WYsYSrYNMnwgL-AAA3] 
22.5.2022, 12:34:38 - INFO - New connected socket [id: VFYwSGb3a0OfE-AxAAA7] 
22.5.2022, 12:34:38 - INFO - New connected socket [id: 0P2WkGzQ2H6HNqn7AAA9] 
22.5.2022, 12:34:39 - INFO - Setting socket.userId = 614ad26392b8a1101045b3a1 for socket [id: 0P2WkGzQ2H6HNqn7AAA9] 
22.5.2022, 12:34:59 - INFO - New connected socket [id: PVS-WK9KuLcKO6N2AAA_] 
22.5.2022, 12:34:59 - INFO - New connected socket [id: JmtpTt1QxJBwfI2rAABB] 
22.5.2022, 12:35:00 - INFO - Setting socket.userId = 614ad26392b8a1101045b3a1 for socket [id: PVS-WK9KuLcKO6N2AAA_] 
22.5.2022, 12:36:36 - DEBUG - auth.service - signup with username: ya, fullname: Ya 
22.5.2022, 12:36:36 - DEBUG - auth.route - new account created: {"username":"ya","password":"$2b$10$j6/XZncPCi1CfI1RsfSB1.zIXgZrpYrSZjrtC5mCxK0Mp/phQcwZm","fullname":"Ya","imgUrl":"https://res.cloudinary.com/dcwibf9o5/image/upload/v1653212192/jfz8ymdhk5i6jdb2u4bq.jpg","score":100,"_id":"628a0424ae695950446757ed"} 
22.5.2022, 12:36:36 - DEBUG - auth.service - login with username: ya 
22.5.2022, 12:36:36 - INFO - User signup: | {"_id":"628a0424ae695950446757ed","username":"ya","fullname":"Ya","imgUrl":"https://res.cloudinary.com/dcwibf9o5/image/upload/v1653212192/jfz8ymdhk5i6jdb2u4bq.jpg","score":100} 
22.5.2022, 12:36:36 - INFO - Setting socket.userId = 628a0424ae695950446757ed for socket [id: JmtpTt1QxJBwfI2rAABB] 
22.5.2022, 12:37:12 - INFO - Broadcasting event: review-added (userId: 614ad26392b8a1101045b3a1)
22.5.2022, 12:37:12 - INFO - Broadcast to all excluding user: 614ad26392b8a1101045b3a1 (userId: 614ad26392b8a1101045b3a1)
22.5.2022, 12:37:12 - INFO - No active socket for user: 614ad26392b8a1101045b3a2 (userId: 614ad26392b8a1101045b3a1)
22.5.2022, 12:37:21 - INFO - Socket disconnected [id: undefined] 
22.5.2022, 12:37:21 - INFO - Socket disconnected [id: undefined] 
22.5.2022, 12:37:21 - INFO - Socket disconnected [id: undefined] 
22.5.2022, 12:37:21 - INFO - Socket disconnected [id: undefined] 
22.5.2022, 12:37:21 - INFO - Socket disconnected [id: undefined] 
22.5.2022, 12:37:21 - INFO - Socket disconnected [id: undefined] 
22.5.2022, 12:37:22 - INFO - New connected socket [id: MezB_7I3gkaalxL0AABD] 
22.5.2022, 12:37:23 - INFO - Setting socket.userId = 614ad26392b8a1101045b3a1 for socket [id: MezB_7I3gkaalxL0AABD] 
22.5.2022, 12:37:34 - INFO - Broadcasting event: review-added (userId: 614ad26392b8a1101045b3a1)
22.5.2022, 12:37:34 - INFO - Broadcast to all excluding user: 614ad26392b8a1101045b3a1 (userId: 614ad26392b8a1101045b3a1)
22.5.2022, 12:37:34 - INFO - No active socket for user: 614ad26392b8a1101045b3a2 (userId: 614ad26392b8a1101045b3a1)
22.5.2022, 12:42:17 - INFO - Broadcasting event: review-added (userId: 614ad26392b8a1101045b3a1)
22.5.2022, 12:42:17 - INFO - Broadcast to all excluding user: 614ad26392b8a1101045b3a1 (userId: 614ad26392b8a1101045b3a1)
22.5.2022, 12:42:17 - INFO - Emiting event: review-about-you to user: 628a0424ae695950446757ed socket [id: JmtpTt1QxJBwfI2rAABB] (userId: 614ad26392b8a1101045b3a1)
22.5.2022, 12:42:23 - INFO - Socket disconnected [id: undefined] 
22.5.2022, 12:42:23 - INFO - Socket disconnected [id: undefined] 
22.5.2022, 12:42:23 - INFO - Socket disconnected [id: undefined] 
22.5.2022, 12:42:23 - INFO - Socket disconnected [id: undefined] 
22.5.2022, 12:42:23 - INFO - Socket disconnected [id: undefined] 
22.5.2022, 12:42:23 - INFO - Socket disconnected [id: undefined] 
22.5.2022, 12:42:25 - INFO - New connected socket [id: E9WeiJex6SooPIH-AABF] 
22.5.2022, 12:42:25 - INFO - Setting socket.userId = 628a0424ae695950446757ed for socket [id: E9WeiJex6SooPIH-AABF] 
22.5.2022, 12:42:31 - INFO - Broadcasting event: review-added (userId: 614ad26392b8a1101045b3a1)
22.5.2022, 12:42:31 - INFO - Broadcast to all excluding user: 614ad26392b8a1101045b3a1 (userId: 614ad26392b8a1101045b3a1)
22.5.2022, 12:42:31 - INFO - Emiting event: review-about-you to user: 628a0424ae695950446757ed socket [id: E9WeiJex6SooPIH-AABF] (userId: 614ad26392b8a1101045b3a1)
22.5.2022, 12:50:13 - INFO - Server is running on port: 3030 
22.5.2022, 12:50:14 - INFO - New connected socket [id: mZHpoZgSSRZdhPhnAAAD] 
22.5.2022, 12:50:14 - INFO - New connected socket [id: RW_hz9tYkApiAfrSAAAE] 
22.5.2022, 12:50:14 - INFO - New connected socket [id: Lo3Gi2gYCkos4d0yAAAF] 
22.5.2022, 12:53:43 - INFO - user-watch from socket [id: RW_hz9tYkApiAfrSAAAE], on user 614ad26392b8a1101045b3a1 
22.5.2022, 12:53:58 - INFO - user-watch from socket [id: RW_hz9tYkApiAfrSAAAE], on user 628a0424ae695950446757ed 
22.5.2022, 12:54:09 - INFO - Broadcasting event: review-added (userId: 628a0424ae695950446757ed)
22.5.2022, 12:54:09 - INFO - Emit to all (userId: 628a0424ae695950446757ed)
22.5.2022, 12:54:09 - INFO - No active socket for user: 614ad26492b8a1101045b3a3 (userId: 628a0424ae695950446757ed)
22.5.2022, 12:54:46 - INFO - Socket disconnected [id: undefined] 
22.5.2022, 16:49:49 - INFO - Server is running on port: 3030 
22.5.2022, 16:49:52 - INFO - New connected socket [id: asjkL4j2tCdZmaXyAAAB] 
22.5.2022, 16:52:08 - INFO - New connected socket [id: U723rQ9T0m89RpHiAAAD] 
22.5.2022, 17:31:25 - INFO - Socket disconnected [id: undefined] 
22.5.2022, 17:31:25 - INFO - Socket disconnected [id: undefined] 
23.5.2022, 8:16:15 - INFO - New connected socket [id: 6UUa-eprSPNSgulWAAAG] 
23.5.2022, 8:16:15 - INFO - New connected socket [id: Bmopc5goLW2xwCDfAAAH] 
23.5.2022, 22:55:42 - INFO - Server is running on port: 3030 
23.5.2022, 22:55:43 - INFO - New connected socket [id: aIjoZ3CzWtIUS2pCAAAB] 
23.5.2022, 22:56:33 - INFO - Socket disconnected [id: undefined] 
23.5.2022, 22:56:34 - INFO - New connected socket [id: rgC-KNNOjPWNvZ3rAAAD] 
23.5.2022, 22:58:11 - INFO - Socket disconnected [id: undefined] 
23.5.2022, 22:58:12 - INFO - New connected socket [id: z8LjDUZbWX7Kre5pAAAF] 
23.5.2022, 22:59:05 - INFO - Socket disconnected [id: undefined] 
23.5.2022, 22:59:06 - INFO - New connected socket [id: zhDqDh3KxyyQ1iPQAAAH] 
23.5.2022, 22:59:14 - INFO - Socket disconnected [id: undefined] 
23.5.2022, 22:59:14 - INFO - New connected socket [id: 40yAjkMI_Ky37pJQAAAJ] 
23.5.2022, 22:59:19 - DEBUG - auth.service - login with username: user1 
23.5.2022, 22:59:19 - INFO - User login:  | {"_id":"614ad26392b8a1101045b3a1","username":"user1","fullname":"Puki Norma","score":3180} 
23.5.2022, 22:59:19 - INFO - Setting socket.userId = 614ad26392b8a1101045b3a1 for socket [id: 40yAjkMI_Ky37pJQAAAJ] 
23.5.2022, 22:59:29 - INFO - New connected socket [id: wsjewyuE2MmYVMAUAAAL] 
23.5.2022, 22:59:33 - INFO - Socket disconnected [id: undefined] 
23.5.2022, 22:59:44 - INFO - New connected socket [id: 07ykm9KFEVllJjXMAAAN] 
23.5.2022, 22:59:49 - INFO - user-watch from socket [id: 07ykm9KFEVllJjXMAAAN], on user 614ad26392b8a1101045b3a2 
23.5.2022, 23:00:03 - INFO - user-watch from socket [id: 07ykm9KFEVllJjXMAAAN], on user 614ad26392b8a1101045b3a1 
23.5.2022, 23:00:21 - INFO - Broadcasting event: review-added (userId: 614ad26392b8a1101045b3a1)
23.5.2022, 23:00:21 - INFO - Emit to all (userId: 614ad26392b8a1101045b3a1)
23.5.2022, 23:00:21 - INFO - No active socket for user: 628a0424ae695950446757ed (userId: 614ad26392b8a1101045b3a1)
23.5.2022, 23:11:33 - INFO - New chat msg from socket [id: 40yAjkMI_Ky37pJQAAAJ], emitting to topic Love 
23.5.2022, 23:11:36 - INFO - New chat msg from socket [id: 40yAjkMI_Ky37pJQAAAJ], emitting to topic Love 
23.5.2022, 23:11:44 - INFO - New chat msg from socket [id: 40yAjkMI_Ky37pJQAAAJ], emitting to topic Love 
23.5.2022, 23:12:40 - INFO - New chat msg from socket [id: 40yAjkMI_Ky37pJQAAAJ], emitting to topic Love 
23.5.2022, 23:12:43 - INFO - New chat msg from socket [id: 40yAjkMI_Ky37pJQAAAJ], emitting to topic Love 
23.5.2022, 23:15:25 - INFO - Server is running on port: 3030 
23.5.2022, 23:15:25 - INFO - New connected socket [id: DI8E-DSvNIV-hWo5AAAB] 
23.5.2022, 23:15:25 - INFO - New connected socket [id: DbqvncklAfeTQHfZAAAD] 
23.5.2022, 23:16:48 - INFO - Server is running on port: 3030 
23.5.2022, 23:16:48 - INFO - New connected socket [id: UjIIBPMTB6HbJW30AAAB] 
23.5.2022, 23:16:49 - INFO - New connected socket [id: LiTwRF4yKF4Bf4D0AAAD] 
23.5.2022, 23:17:04 - INFO - Server is running on port: 3030 
23.5.2022, 23:17:04 - INFO - New connected socket [id: 2_xH7b0ZhOdV7-qHAAAB] 
23.5.2022, 23:17:04 - INFO - New connected socket [id: ckikpwH0dnqNY4SCAAAD] 
23.5.2022, 23:17:46 - INFO - Socket disconnected [id: undefined] 
23.5.2022, 23:17:46 - INFO - Socket disconnected [id: undefined] 
23.5.2022, 23:17:47 - INFO - New connected socket [id: ipSkD0-xv_U7oGhCAAAF] 
23.5.2022, 23:17:47 - INFO - user-watch from socket [id: ipSkD0-xv_U7oGhCAAAF], on user 614ad26392b8a1101045b3a1 
23.5.2022, 23:17:47 - INFO - New connected socket [id: beQjNEIqRyk0Yd8nAAAH] 
23.5.2022, 23:17:47 - INFO - Setting socket.userId = 614ad26392b8a1101045b3a1 for socket [id: beQjNEIqRyk0Yd8nAAAH] 
23.5.2022, 23:18:23 - INFO - Socket disconnected [id: undefined] 
23.5.2022, 23:18:23 - INFO - Socket disconnected [id: undefined] 
23.5.2022, 23:18:24 - INFO - New connected socket [id: ur19sbfa63Eft3RJAAAK] 
23.5.2022, 23:18:24 - INFO - New connected socket [id: 82gvu_3xMbzUdds4AAAL] 
23.5.2022, 23:18:24 - INFO - user-watch from socket [id: ur19sbfa63Eft3RJAAAK], on user 614ad26392b8a1101045b3a1 
23.5.2022, 23:18:24 - INFO - Setting socket.userId = 614ad26392b8a1101045b3a1 for socket [id: 82gvu_3xMbzUdds4AAAL] 
23.5.2022, 23:21:12 - INFO - Socket disconnected [id: undefined] 
23.5.2022, 23:21:13 - INFO - Socket disconnected [id: undefined] 
23.5.2022, 23:21:13 - INFO - New connected socket [id: YIEI4W5m_w34_I_eAAAN] 
23.5.2022, 23:21:13 - INFO - user-watch from socket [id: YIEI4W5m_w34_I_eAAAN], on user 614ad26392b8a1101045b3a1 
23.5.2022, 23:21:13 - INFO - New connected socket [id: k7HsJdn5xhsL9fLKAAAP] 
23.5.2022, 23:21:14 - INFO - Setting socket.userId = 614ad26392b8a1101045b3a1 for socket [id: k7HsJdn5xhsL9fLKAAAP] 
23.5.2022, 23:25:26 - INFO - Socket disconnected [id: undefined] 
23.5.2022, 23:25:26 - INFO - New connected socket [id: 2PVQpzCY-ATeAdPdAAAR] 
23.5.2022, 23:25:26 - INFO - Setting socket.userId = 614ad26392b8a1101045b3a1 for socket [id: 2PVQpzCY-ATeAdPdAAAR] 
23.5.2022, 23:29:45 - INFO - New chat msg from socket [id: 2PVQpzCY-ATeAdPdAAAR], emitting to topic Love 
23.5.2022, 23:29:47 - INFO - Socket is leaving topic Love [id: 2PVQpzCY-ATeAdPdAAAR] 
23.5.2022, 23:29:53 - INFO - Socket disconnected [id: undefined] 
23.5.2022, 23:29:53 - INFO - New connected socket [id: gMdn8-9nACNq8dq5AAAT] 
23.5.2022, 23:29:54 - INFO - Setting socket.userId = 614ad26392b8a1101045b3a1 for socket [id: gMdn8-9nACNq8dq5AAAT] 
23.5.2022, 23:29:56 - INFO - Socket is leaving topic Love [id: gMdn8-9nACNq8dq5AAAT] 
23.5.2022, 23:29:59 - INFO - Socket disconnected [id: undefined] 
23.5.2022, 23:30:00 - INFO - New connected socket [id: NHXd6eTnNjZjm-G6AAAV] 
23.5.2022, 23:30:00 - INFO - Setting socket.userId = 614ad26392b8a1101045b3a1 for socket [id: NHXd6eTnNjZjm-G6AAAV] 
23.5.2022, 23:30:02 - INFO - Socket is leaving topic Love [id: NHXd6eTnNjZjm-G6AAAV] 
23.5.2022, 23:30:04 - INFO - Socket is leaving topic Politics [id: NHXd6eTnNjZjm-G6AAAV] 
23.5.2022, 23:30:05 - INFO - Socket is leaving topic Love [id: NHXd6eTnNjZjm-G6AAAV] 
23.5.2022, 23:31:09 - INFO - Socket is leaving topic on [id: NHXd6eTnNjZjm-G6AAAV] 
23.5.2022, 23:34:16 - INFO - New chat msg from socket [id: NHXd6eTnNjZjm-G6AAAV], emitting to topic Love 
23.5.2022, 23:34:19 - INFO - New chat msg from socket [id: NHXd6eTnNjZjm-G6AAAV], emitting to topic Love 
23.5.2022, 23:34:26 - INFO - New chat msg from socket [id: YIEI4W5m_w34_I_eAAAN], emitting to topic Love 
23.5.2022, 23:36:51 - INFO - Server is running on port: 3030 
23.5.2022, 23:36:51 - INFO - New connected socket [id: B-PzTmFHNzSfTZyxAAAB] 
23.5.2022, 23:36:52 - INFO - New connected socket [id: ipf6SAiIJ6WvA0hYAAAD] 
23.5.2022, 23:36:57 - INFO - Server is running on port: 3030 
23.5.2022, 23:36:57 - INFO - New connected socket [id: _aXIwy3BuXq7pdMWAAAB] 
23.5.2022, 23:36:57 - INFO - New connected socket [id: KkbRpY-GbBGJObO7AAAD] 
23.5.2022, 23:37:09 - INFO - Server is running on port: 3030 
23.5.2022, 23:37:09 - INFO - New connected socket [id: H4lqOXD8c4F2W5N4AAAB] 
23.5.2022, 23:37:09 - INFO - New connected socket [id: aZTEDyYK9yvF5LewAAAD] 
23.5.2022, 23:37:15 - INFO - Server is running on port: 3030 
23.5.2022, 23:37:15 - INFO - New connected socket [id: uGUhKM5Exn0Sjxq7AAAB] 
23.5.2022, 23:37:16 - INFO - New connected socket [id: BMRrdNIBKMYGdiO_AAAD] 
23.5.2022, 23:37:26 - INFO - Server is running on port: 3030 
23.5.2022, 23:37:26 - INFO - New connected socket [id: xAtJUiGP9bFkW4o3AAAB] 
23.5.2022, 23:37:27 - INFO - New connected socket [id: 2YfcZS2U2KdNofLnAAAD] 
23.5.2022, 23:37:32 - INFO - Server is running on port: 3030 
23.5.2022, 23:37:33 - INFO - New connected socket [id: Xg4l194VIZyliYT-AAAB] 
23.5.2022, 23:37:33 - INFO - New connected socket [id: 5gDJsYepTNkBeA1AAAAD] 
23.5.2022, 23:37:37 - INFO - Server is running on port: 3030 
23.5.2022, 23:37:38 - INFO - New connected socket [id: tHB2oaKKoHmB0Vt1AAAB] 
23.5.2022, 23:37:38 - INFO - New connected socket [id: wl5r4CvxwCID0uztAAAD] 
23.5.2022, 23:37:47 - INFO - Server is running on port: 3030 
23.5.2022, 23:37:47 - INFO - New connected socket [id: 2wBTlwx9tRdQepTmAAAB] 
23.5.2022, 23:37:47 - INFO - New connected socket [id: _2OV3CcGFibZl_lnAAAD] 
23.5.2022, 23:37:59 - INFO - Socket disconnected [id: undefined] 
23.5.2022, 23:37:59 - INFO - Socket disconnected [id: undefined] 
23.5.2022, 23:38:00 - INFO - New connected socket [id: GzEaFfz-Gq5X09B6AAAF] 
23.5.2022, 23:38:00 - INFO - New connected socket [id: ldqxIC73KGtg2MxWAAAH] 
23.5.2022, 23:38:00 - INFO - Setting socket.userId = 614ad26392b8a1101045b3a1 for socket [id: ldqxIC73KGtg2MxWAAAH] 
23.5.2022, 23:38:09 - INFO - Socket disconnected [id: undefined] 
23.5.2022, 23:38:09 - INFO - Socket disconnected [id: undefined] 
23.5.2022, 23:38:10 - INFO - New connected socket [id: HVLhPIc99NQ856__AAAJ] 
23.5.2022, 23:38:10 - INFO - New connected socket [id: 8TjyZ30oTknH7-8iAAAL] 
23.5.2022, 23:38:10 - INFO - Setting socket.userId = 614ad26392b8a1101045b3a1 for socket [id: 8TjyZ30oTknH7-8iAAAL] 
23.5.2022, 23:39:07 - INFO - Server is running on port: 3030 
23.5.2022, 23:39:07 - INFO - New connected socket [id: IqWmK9KBx0kEmN64AAAB] 
23.5.2022, 23:39:08 - INFO - Server is running on port: 3030 
23.5.2022, 23:39:08 - INFO - New connected socket [id: jf_ljBOgFf9nWRNqAAAB] 
23.5.2022, 23:39:09 - INFO - New connected socket [id: TMlb19Ehj8_hkEc9AAAD] 
23.5.2022, 23:39:15 - INFO - Server is running on port: 3030 
23.5.2022, 23:39:15 - INFO - New connected socket [id: Osqlc6AcitgeFyrEAAAB] 
23.5.2022, 23:39:15 - INFO - New connected socket [id: y3u3SyStK_3RIQs_AAAD] 
23.5.2022, 23:39:30 - INFO - Server is running on port: 3030 
23.5.2022, 23:39:31 - INFO - New connected socket [id: fJVbkuBEnJMcJlZKAAAB] 
23.5.2022, 23:39:31 - INFO - New connected socket [id: 2yNRvWi-Nkn9iRvxAAAD] 
23.5.2022, 23:40:54 - INFO - Socket disconnected [id: undefined] 
23.5.2022, 23:46:09 - INFO - Socket disconnected [id: undefined] 
23.5.2022, 23:46:09 - INFO - New connected socket [id: Ma4aw9avngTD3ozfAAAF] 
23.5.2022, 23:46:12 - INFO - Socket disconnected [id: undefined] 
23.5.2022, 23:46:12 - INFO - New connected socket [id: KIU9zQY6oXX2MUShAAAH] 
23.5.2022, 23:47:13 - INFO - Server is running on port: 3030 
23.5.2022, 23:47:13 - INFO - New connected socket [id: 6ekkpdRLLFb0p5ZTAAAB] 
24.5.2022, 12:28:06 - INFO - New connected socket [id: a1NwKgrf8zLQUQf9AAAD] 
24.5.2022, 12:28:20 - DEBUG - auth.service - login with username: user1 (userId: 614ad26392b8a1101045b3a1)
24.5.2022, 12:28:20 - INFO - User login:  | {"_id":"614ad26392b8a1101045b3a1","username":"user1","fullname":"Puki Norma","score":3190} (userId: 614ad26392b8a1101045b3a1)
24.5.2022, 12:28:20 - INFO - Setting socket.userId = 614ad26392b8a1101045b3a1 for socket [id: a1NwKgrf8zLQUQf9AAAD] 
24.5.2022, 12:28:34 - INFO - Socket disconnected [id: undefined] 
24.5.2022, 12:28:35 - INFO - New connected socket [id: J82MjHdbdYjPlld6AAAF] 
24.5.2022, 12:28:40 - DEBUG - auth.service - login with username: ya 
24.5.2022, 12:28:40 - INFO - User login:  | {"_id":"628a0424ae695950446757ed","username":"ya","fullname":"Ya","imgUrl":"https://res.cloudinary.com/dcwibf9o5/image/upload/v1653212192/jfz8ymdhk5i6jdb2u4bq.jpg","score":110} 
24.5.2022, 12:28:40 - INFO - Setting socket.userId = 628a0424ae695950446757ed for socket [id: J82MjHdbdYjPlld6AAAF] 
24.5.2022, 12:29:05 - INFO - user-watch from socket [id: J82MjHdbdYjPlld6AAAF], on user 614ad26392b8a1101045b3a1 
24.5.2022, 12:29:30 - INFO - Broadcasting event: review-added (userId: 614ad26392b8a1101045b3a1)
24.5.2022, 12:29:30 - INFO - Emit to all (userId: 614ad26392b8a1101045b3a1)
24.5.2022, 12:29:30 - INFO - No active socket for user: 614ad26492b8a1101045b3a3 (userId: 614ad26392b8a1101045b3a1)
24.5.2022, 12:40:02 - INFO - Socket disconnected [id: undefined] 
24.5.2022, 12:40:04 - INFO - New connected socket [id: bZKuhqrn_3l580mwAAAH] 
24.5.2022, 12:40:04 - INFO - Setting socket.userId = 614ad26392b8a1101045b3a1 for socket [id: bZKuhqrn_3l580mwAAAH] 
24.5.2022, 12:40:04 - INFO - Socket disconnected [id: undefined] 
24.5.2022, 12:40:05 - INFO - New connected socket [id: B0rRln74Fd2ZTZw7AAAJ] 
24.5.2022, 12:40:06 - INFO - Setting socket.userId = 628a0424ae695950446757ed for socket [id: B0rRln74Fd2ZTZw7AAAJ] 
24.5.2022, 12:40:06 - INFO - user-watch from socket [id: B0rRln74Fd2ZTZw7AAAJ], on user 614ad26392b8a1101045b3a1 
24.5.2022, 12:40:14 - INFO - Socket disconnected [id: undefined] 
24.5.2022, 12:40:15 - INFO - New connected socket [id: w0uImw39E6PLEjm2AAAL] 
24.5.2022, 12:40:16 - INFO - Setting socket.userId = 614ad26392b8a1101045b3a1 for socket [id: w0uImw39E6PLEjm2AAAL] 
24.5.2022, 12:40:20 - INFO - Removing socket.userId for socket [id: w0uImw39E6PLEjm2AAAL] 
24.5.2022, 12:40:26 - INFO - Socket disconnected [id: undefined] 
24.5.2022, 12:40:26 - INFO - New connected socket [id: KODxHQYEVRpeqY02AAAN] 
24.5.2022, 12:40:44 - INFO - Socket disconnected [id: undefined] 
24.5.2022, 12:40:44 - INFO - Socket disconnected [id: undefined] 
24.5.2022, 12:40:45 - INFO - New connected socket [id: bYGNPw6tcwfjKPcCAAAP] 
24.5.2022, 12:40:46 - INFO - Setting socket.userId = dRBsy for socket [id: bYGNPw6tcwfjKPcCAAAP] 
24.5.2022, 12:40:46 - INFO - Setting socket.userId = BoNn0 for socket [id: bYGNPw6tcwfjKPcCAAAP] 
24.5.2022, 12:40:47 - INFO - Setting socket.userId = HeIc1 for socket [id: bYGNPw6tcwfjKPcCAAAP] 
24.5.2022, 12:40:48 - INFO - Socket disconnected [id: undefined] 
24.5.2022, 12:40:50 - INFO - New connected socket [id: kUzx-QXIYL9hvyIYAAAR] 
24.5.2022, 12:40:50 - INFO - Socket disconnected [id: undefined] 
24.5.2022, 12:40:51 - INFO - New connected socket [id: Lh2-OsoVhCrGxRW2AAAT] 
24.5.2022, 12:40:51 - INFO - Setting socket.userId = HeIc1 for socket [id: Lh2-OsoVhCrGxRW2AAAT] 
24.5.2022, 12:40:51 - INFO - New connected socket [id: BNGnz1LxjVx8FmaRAAAV] 
24.5.2022, 12:40:52 - INFO - Setting socket.userId = FpCI0 for socket [id: BNGnz1LxjVx8FmaRAAAV] 
24.5.2022, 12:40:52 - INFO - user-watch from socket [id: BNGnz1LxjVx8FmaRAAAV], on user 614ad26392b8a1101045b3a1 
24.5.2022, 12:41:01 - INFO - Removing socket.userId for socket [id: Lh2-OsoVhCrGxRW2AAAT] 
24.5.2022, 12:41:04 - INFO - Setting socket.userId = BoNn0 for socket [id: Lh2-OsoVhCrGxRW2AAAT] 
24.5.2022, 12:41:16 - INFO - user-watch from socket [id: Lh2-OsoVhCrGxRW2AAAT], on user dRBsy 
24.5.2022, 12:41:31 - INFO - Socket disconnected [id: undefined] 
24.5.2022, 12:41:31 - INFO - New connected socket [id: G-SpbeRahNq9INtwAAAX] 
24.5.2022, 12:41:32 - INFO - Setting socket.userId = FpCI0 for socket [id: G-SpbeRahNq9INtwAAAX] 
24.5.2022, 12:41:33 - INFO - Removing socket.userId for socket [id: G-SpbeRahNq9INtwAAAX] 
24.5.2022, 12:41:39 - INFO - Setting socket.userId = ho81U for socket [id: G-SpbeRahNq9INtwAAAX] 
24.5.2022, 12:41:46 - INFO - user-watch from socket [id: G-SpbeRahNq9INtwAAAX], on user WYCHM 
24.5.2022, 12:41:55 - INFO - Socket disconnected [id: undefined] 
24.5.2022, 12:41:58 - INFO - New connected socket [id: wWnBIRkJECFGDEETAAAZ] 
24.5.2022, 12:41:58 - INFO - Setting socket.userId = BoNn0 for socket [id: wWnBIRkJECFGDEETAAAZ] 
24.5.2022, 12:42:10 - INFO - Socket disconnected [id: undefined] 
24.5.2022, 12:42:18 - INFO - New connected socket [id: DpMXFnofrH-r5nfCAAAb] 
24.5.2022, 12:42:28 - INFO - Setting socket.userId = dRBsy for socket [id: DpMXFnofrH-r5nfCAAAb] 
24.5.2022, 12:42:36 - INFO - user-watch from socket [id: wWnBIRkJECFGDEETAAAZ], on user dRBsy 
30.5.2022, 14:57:12 - INFO - Server is running on port: 3030 
30.5.2022, 14:58:25 - ERROR - cannot find stays | TypeError: collection.toArray is not a function 
30.5.2022, 14:58:25 - ERROR - Cannot get stays | TypeError: collection.toArray is not a function 
30.5.2022, 14:58:35 - ERROR - cannot find stays | TypeError: collection.toArray is not a function 
30.5.2022, 14:58:35 - ERROR - Cannot get stays | TypeError: collection.toArray is not a function 
30.5.2022, 14:59:06 - ERROR - cannot find stays | TypeError: collection.toArray is not a function 
30.5.2022, 14:59:06 - ERROR - Cannot get stays | TypeError: collection.toArray is not a function 
30.5.2022, 14:59:07 - ERROR - cannot find stays | TypeError: collection.toArray is not a function 
30.5.2022, 14:59:07 - ERROR - Cannot get stays | TypeError: collection.toArray is not a function 
30.5.2022, 15:00:09 - ERROR - cannot find stays | TypeError: collection.toArray is not a function 
30.5.2022, 15:00:09 - ERROR - Cannot get stays | TypeError: collection.toArray is not a function 
30.5.2022, 15:00:28 - ERROR - cannot find stays | TypeError: collection.toArray is not a function 
30.5.2022, 15:00:28 - ERROR - Cannot get stays | TypeError: collection.toArray is not a function 
30.5.2022, 15:01:47 - INFO - Server is running on port: 3030 
30.5.2022, 15:02:07 - INFO - Server is running on port: 3030 
30.5.2022, 15:07:43 - INFO - Server is running on port: 3030 
30.5.2022, 15:08:54 - INFO - Server is running on port: 3030 
30.5.2022, 16:06:03 - INFO - Server is running on port: 3030 
30.5.2022, 16:07:47 - DEBUG - auth.service - login with username: eldar 
30.5.2022, 16:07:47 - ERROR - Failed to Login Invalid username or password 
30.5.2022, 16:09:57 - INFO - Server is running on port: 3030 
30.5.2022, 16:11:13 - INFO - Server is running on port: 3030 
30.5.2022, 16:12:02 - INFO - Server is running on port: 3030 
30.5.2022, 16:12:46 - INFO - Server is running on port: 3030 
30.5.2022, 16:13:35 - INFO - Server is running on port: 3030 
30.5.2022, 16:13:48 - INFO - Server is running on port: 3030 
30.5.2022, 16:13:56 - INFO - Server is running on port: 3030 
30.5.2022, 16:20:33 - INFO - Server is running on port: 3030 
30.5.2022, 16:36:50 - INFO - Server is running on port: 3030 
30.5.2022, 16:40:49 - INFO - Server is running on port: 3030 
30.5.2022, 16:41:50 - INFO - Server is running on port: 3030 
30.5.2022, 16:42:36 - INFO - Server is running on port: 3030 
30.5.2022, 16:43:56 - INFO - Server is running on port: 3030 
30.5.2022, 16:46:59 - INFO - Server is running on port: 3030 
30.5.2022, 16:48:57 - INFO - Server is running on port: 3030 
30.5.2022, 16:49:39 - INFO - Server is running on port: 3030 
30.5.2022, 16:52:21 - INFO - Server is running on port: 3030 
30.5.2022, 17:00:08 - INFO - Server is running on port: 3030 
30.5.2022, 17:00:56 - INFO - Server is running on port: 3030 
30.5.2022, 17:08:51 - INFO - Server is running on port: 3030 
30.5.2022, 17:45:06 - INFO - Server is running on port: 3030 
30.5.2022, 17:45:23 - INFO - Server is running on port: 3030 
30.5.2022, 19:10:48 - INFO - Server is running on port: 3030 
30.5.2022, 19:11:43 - INFO - Server is running on port: 3030 
30.5.2022, 19:12:15 - INFO - Server is running on port: 3030 
30.5.2022, 19:12:17 - INFO - Server is running on port: 3030 
30.5.2022, 19:13:18 - INFO - Server is running on port: 3030 
30.5.2022, 19:13:21 - INFO - Server is running on port: 3030 
30.5.2022, 19:20:35 - INFO - Server is running on port: 3030 
30.5.2022, 20:03:39 - DEBUG - auth.service - login with username: 75091963 
30.5.2022, 20:03:39 - INFO - User login:  | {"_id":"6294d815d4a26c96b0b03a76","fullname":"Edgar","imgUrl":"https://a0.muscache.com/im/pictures/d17abb7c-beb0-4dbe-976e-fc633de18b4b.jpg?aki_policy=profile_small","username":"75091963","id":"75091963"} 
30.5.2022, 20:04:16 - DEBUG - auth.service - signup with username: eldar, fullname: Eldar 
30.5.2022, 20:04:16 - DEBUG - auth.route - new account created: {"username":"eldar","password":"$2b$10$JgSqtB2c53ixJF7U7YzWNugmJdMDo.Kke7viUYuqdXBjY7p2B.5vG","fullname":"Eldar","score":100,"_id":"6294f910d01ec550b002b753"} 
30.5.2022, 20:04:16 - DEBUG - auth.service - login with username: eldar 
30.5.2022, 20:04:16 - INFO - User signup: | {"_id":"6294f910d01ec550b002b753","username":"eldar","fullname":"Eldar","imgUrl":null,"score":100} 
30.5.2022, 20:05:42 - DEBUG - auth.service - login with username: eldar 
30.5.2022, 20:05:42 - INFO - User login:  | {"_id":"6294f910d01ec550b002b753","username":"eldar","fullname":"Eldar","imgUrl":null,"score":100} 
30.5.2022, 20:07:34 - DEBUG - auth.service - login with username: eldar 
30.5.2022, 20:07:34 - INFO - User login:  | {"_id":"6294f910d01ec550b002b753","username":"eldar","fullname":"Eldar","imgUrl":null,"score":100} 
30.5.2022, 20:11:16 - DEBUG - auth.service - login with username: sdfdf 
30.5.2022, 20:11:16 - ERROR - Failed to Login Invalid username or password 
30.5.2022, 20:27:24 - DEBUG - auth.service - login with username: eldar 
30.5.2022, 20:27:24 - INFO - User login:  | {"_id":"6294f910d01ec550b002b753","username":"eldar","fullname":"Eldar","imgUrl":null,"score":100} 
30.5.2022, 20:43:08 - INFO - Server is running on port: 3030 
30.5.2022, 20:44:49 - INFO - Server is running on port: 3030 
30.5.2022, 20:45:16 - INFO - Server is running on port: 3030 
30.5.2022, 20:45:57 - INFO - Server is running on port: 3030 
30.5.2022, 20:50:40 - INFO - Server is running on port: 3030 
30.5.2022, 20:51:15 - INFO - Server is running on port: 3030 
30.5.2022, 20:51:25 - INFO - Server is running on port: 3030 
30.5.2022, 20:53:47 - INFO - Server is running on port: 3030 
30.5.2022, 20:56:16 - INFO - Server is running on port: 3030 
30.5.2022, 20:57:09 - INFO - Server is running on port: 3030 
30.5.2022, 21:04:33 - DEBUG - auth.service - login with username: 75091963 
30.5.2022, 21:04:33 - INFO - User login:  | {"_id":"6294d815d4a26c96b0b03a76","fullname":"Edgar","imgUrl":"https://a0.muscache.com/im/pictures/d17abb7c-beb0-4dbe-976e-fc633de18b4b.jpg?aki_policy=profile_small","username":"75091963","id":"75091963"} 
30.5.2022, 21:11:19 - INFO - Server is running on port: 3030 
30.5.2022, 21:15:16 - INFO - Server is running on port: 3030 
30.5.2022, 21:19:16 - INFO - Server is running on port: 3030 
30.5.2022, 21:21:49 - INFO - Server is running on port: 3030 
30.5.2022, 21:24:58 - INFO - Server is running on port: 3030 
30.5.2022, 21:47:28 - INFO - Server is running on port: 3030 
30.5.2022, 22:26:02 - INFO - Server is running on port: 3030 
30.5.2022, 22:42:37 - INFO - Server is running on port: 3030 
30.5.2022, 23:17:59 - DEBUG - auth.service - login with username: 6334250 
30.5.2022, 23:17:59 - INFO - User login:  | {"_id":"6294d815d4a26c96b0b03b6f","fullname":"Shaila & Alex","imgUrl":"https://a0.muscache.com/im/users/6334250/profile_pic/1368287493/original.jpg?aki_policy=profile_small","username":"6334250","id":"6334250"} 
31.5.2022, 17:14:00 - DEBUG - auth.service - login with username: 75091963 (userId: 6294d815d4a26c96b0b03b6f)
31.5.2022, 17:14:00 - INFO - User login:  | {"_id":"6294d815d4a26c96b0b03a76","fullname":"Edgar","imgUrl":"https://a0.muscache.com/im/pictures/d17abb7c-beb0-4dbe-976e-fc633de18b4b.jpg?aki_policy=profile_small","username":"75091963","id":"75091963"} (userId: 6294d815d4a26c96b0b03b6f)
31.5.2022, 17:45:48 - DEBUG - auth.service - login with username: 75091963 (userId: 6294d815d4a26c96b0b03a76)
31.5.2022, 17:45:48 - INFO - User login:  | {"_id":"6294d815d4a26c96b0b03a76","fullname":"Edgar","imgUrl":"https://a0.muscache.com/im/pictures/d17abb7c-beb0-4dbe-976e-fc633de18b4b.jpg?aki_policy=profile_small","username":"75091963","id":"75091963"} (userId: 6294d815d4a26c96b0b03a76)
31.5.2022, 18:36:24 - DEBUG - auth.service - login with username: 75091963 (userId: 6294d815d4a26c96b0b03a76)
31.5.2022, 18:36:24 - INFO - User login:  | {"_id":"6294d815d4a26c96b0b03a76","fullname":"Edgar","imgUrl":"https://a0.muscache.com/im/pictures/d17abb7c-beb0-4dbe-976e-fc633de18b4b.jpg?aki_policy=profile_small","username":"75091963","id":"75091963"} (userId: 6294d815d4a26c96b0b03a76)
31.5.2022, 18:37:19 - DEBUG - auth.service - login with username: 75091963 (userId: 6294d815d4a26c96b0b03a76)
31.5.2022, 18:37:20 - INFO - User login:  | {"_id":"6294d815d4a26c96b0b03a76","fullname":"Edgar","imgUrl":"https://a0.muscache.com/im/pictures/d17abb7c-beb0-4dbe-976e-fc633de18b4b.jpg?aki_policy=profile_small","username":"75091963","id":"75091963"} (userId: 6294d815d4a26c96b0b03a76)
31.5.2022, 18:45:17 - DEBUG - auth.service - login with username: 75091963 (userId: 6294d815d4a26c96b0b03a76)
31.5.2022, 18:45:17 - INFO - User login:  | {"_id":"6294d815d4a26c96b0b03a76","fullname":"Edgar","imgUrl":"https://a0.muscache.com/im/pictures/d17abb7c-beb0-4dbe-976e-fc633de18b4b.jpg?aki_policy=profile_small","username":"75091963","id":"75091963"} (userId: 6294d815d4a26c96b0b03a76)
31.5.2022, 18:47:17 - DEBUG - auth.service - login with username: 75091963 (userId: 6294d815d4a26c96b0b03a76)
31.5.2022, 18:47:17 - INFO - User login:  | {"_id":"6294d815d4a26c96b0b03a76","fullname":"Edgar","imgUrl":"https://a0.muscache.com/im/pictures/d17abb7c-beb0-4dbe-976e-fc633de18b4b.jpg?aki_policy=profile_small","username":"75091963","id":"75091963"} (userId: 6294d815d4a26c96b0b03a76)
31.5.2022, 18:51:32 - DEBUG - auth.service - login with username: 75091963 (userId: 6294d815d4a26c96b0b03a76)
31.5.2022, 18:51:33 - INFO - User login:  | {"_id":"6294d815d4a26c96b0b03a76","fullname":"Edgar","imgUrl":"https://a0.muscache.com/im/pictures/d17abb7c-beb0-4dbe-976e-fc633de18b4b.jpg?aki_policy=profile_small","username":"75091963","id":"75091963"} (userId: 6294d815d4a26c96b0b03a76)
31.5.2022, 18:52:35 - DEBUG - auth.service - login with username: 75091963 (userId: 6294d815d4a26c96b0b03a76)
31.5.2022, 18:52:35 - INFO - User login:  | {"_id":"6294d815d4a26c96b0b03a76","fullname":"Edgar","imgUrl":"https://a0.muscache.com/im/pictures/d17abb7c-beb0-4dbe-976e-fc633de18b4b.jpg?aki_policy=profile_small","username":"75091963","id":"75091963"} (userId: 6294d815d4a26c96b0b03a76)
31.5.2022, 18:53:12 - DEBUG - auth.service - login with username: 75091963 (userId: 6294d815d4a26c96b0b03a76)
31.5.2022, 18:53:13 - INFO - User login:  | {"_id":"6294d815d4a26c96b0b03a76","fullname":"Edgar","imgUrl":"https://a0.muscache.com/im/pictures/d17abb7c-beb0-4dbe-976e-fc633de18b4b.jpg?aki_policy=profile_small","username":"75091963","id":"75091963"} (userId: 6294d815d4a26c96b0b03a76)
31.5.2022, 18:53:52 - DEBUG - auth.service - login with username: 75091963 (userId: 6294d815d4a26c96b0b03a76)
31.5.2022, 18:53:52 - INFO - User login:  | {"_id":"6294d815d4a26c96b0b03a76","fullname":"Edgar","imgUrl":"https://a0.muscache.com/im/pictures/d17abb7c-beb0-4dbe-976e-fc633de18b4b.jpg?aki_policy=profile_small","username":"75091963","id":"75091963"} (userId: 6294d815d4a26c96b0b03a76)
31.5.2022, 18:55:33 - DEBUG - auth.service - login with username: 75091963 (userId: 6294d815d4a26c96b0b03a76)
31.5.2022, 18:55:33 - INFO - User login:  | {"_id":"6294d815d4a26c96b0b03a76","fullname":"Edgar","imgUrl":"https://a0.muscache.com/im/pictures/d17abb7c-beb0-4dbe-976e-fc633de18b4b.jpg?aki_policy=profile_small","username":"75091963","id":"75091963"} (userId: 6294d815d4a26c96b0b03a76)
31.5.2022, 18:58:47 - DEBUG - auth.service - login with username: 75091963 (userId: 6294d815d4a26c96b0b03a76)
31.5.2022, 18:58:48 - INFO - User login:  | {"_id":"6294d815d4a26c96b0b03a76","fullname":"Edgar","imgUrl":"https://a0.muscache.com/im/pictures/d17abb7c-beb0-4dbe-976e-fc633de18b4b.jpg?aki_policy=profile_small","username":"75091963","id":"75091963"} (userId: 6294d815d4a26c96b0b03a76)
31.5.2022, 19:10:17 - DEBUG - auth.service - login with username: 75091963 (userId: 6294d815d4a26c96b0b03a76)
31.5.2022, 19:10:17 - INFO - User login:  | {"_id":"6294d815d4a26c96b0b03a76","fullname":"Edgar","imgUrl":"https://a0.muscache.com/im/pictures/d17abb7c-beb0-4dbe-976e-fc633de18b4b.jpg?aki_policy=profile_small","username":"75091963","id":"75091963"} (userId: 6294d815d4a26c96b0b03a76)
31.5.2022, 19:12:29 - DEBUG - auth.service - login with username: 75091963 (userId: 6294d815d4a26c96b0b03a76)
31.5.2022, 19:12:29 - INFO - User login:  | {"_id":"6294d815d4a26c96b0b03a76","fullname":"Edgar","imgUrl":"https://a0.muscache.com/im/pictures/d17abb7c-beb0-4dbe-976e-fc633de18b4b.jpg?aki_policy=profile_small","username":"75091963","id":"75091963"} (userId: 6294d815d4a26c96b0b03a76)
31.5.2022, 19:24:44 - DEBUG - auth.service - login with username: 75091963 (userId: 6294d815d4a26c96b0b03a76)
31.5.2022, 19:24:44 - INFO - User login:  | {"_id":"6294d815d4a26c96b0b03a76","fullname":"Edgar","imgUrl":"https://a0.muscache.com/im/pictures/d17abb7c-beb0-4dbe-976e-fc633de18b4b.jpg?aki_policy=profile_small","username":"75091963","id":"75091963"} (userId: 6294d815d4a26c96b0b03a76)
31.5.2022, 19:25:18 - DEBUG - auth.service - login with username: 75091963 (userId: 6294d815d4a26c96b0b03a76)
31.5.2022, 19:25:18 - INFO - User login:  | {"_id":"6294d815d4a26c96b0b03a76","fullname":"Edgar","imgUrl":"https://a0.muscache.com/im/pictures/d17abb7c-beb0-4dbe-976e-fc633de18b4b.jpg?aki_policy=profile_small","username":"75091963","id":"75091963"} (userId: 6294d815d4a26c96b0b03a76)
31.5.2022, 19:26:48 - DEBUG - auth.service - login with username: 75091963 (userId: 6294d815d4a26c96b0b03a76)
31.5.2022, 19:26:48 - INFO - User login:  | {"_id":"6294d815d4a26c96b0b03a76","fullname":"Edgar","imgUrl":"https://a0.muscache.com/im/pictures/d17abb7c-beb0-4dbe-976e-fc633de18b4b.jpg?aki_policy=profile_small","username":"75091963","id":"75091963"} (userId: 6294d815d4a26c96b0b03a76)
31.5.2022, 19:27:13 - DEBUG - auth.service - login with username: 75091963 
31.5.2022, 19:27:13 - INFO - User login:  | {"_id":"6294d815d4a26c96b0b03a76","fullname":"Edgar","imgUrl":"https://a0.muscache.com/im/pictures/d17abb7c-beb0-4dbe-976e-fc633de18b4b.jpg?aki_policy=profile_small","username":"75091963","id":"75091963"} 
31.5.2022, 20:34:48 - DEBUG - auth.service - login with username: 75091963 (userId: 6294d815d4a26c96b0b03a76)
31.5.2022, 20:34:48 - INFO - User login:  | {"_id":"6294d815d4a26c96b0b03a76","fullname":"Edgar","imgUrl":"https://a0.muscache.com/im/pictures/d17abb7c-beb0-4dbe-976e-fc633de18b4b.jpg?aki_policy=profile_small","username":"75091963","id":"75091963"} (userId: 6294d815d4a26c96b0b03a76)
31.5.2022, 21:52:39 - DEBUG - auth.service - login with username: 75091963 (userId: 6294d815d4a26c96b0b03a76)
31.5.2022, 21:52:39 - INFO - User login:  | {"_id":"6294d815d4a26c96b0b03a76","fullname":"Edgar","imgUrl":"https://a0.muscache.com/im/pictures/d17abb7c-beb0-4dbe-976e-fc633de18b4b.jpg?aki_policy=profile_small","username":"75091963","id":"75091963"} (userId: 6294d815d4a26c96b0b03a76)
1.6.2022, 8:25:46 - DEBUG - auth.service - login with username: 75091963 (userId: 6294d815d4a26c96b0b03a76)
1.6.2022, 8:25:46 - INFO - User login:  | {"_id":"6294d815d4a26c96b0b03a76","fullname":"Edgar","imgUrl":"https://a0.muscache.com/im/pictures/d17abb7c-beb0-4dbe-976e-fc633de18b4b.jpg?aki_policy=profile_small","username":"75091963","id":"75091963"} (userId: 6294d815d4a26c96b0b03a76)
1.6.2022, 8:43:19 - DEBUG - auth.service - login with username: 75091963 (userId: 6294d815d4a26c96b0b03a76)
1.6.2022, 8:43:19 - INFO - User login:  | {"_id":"6294d815d4a26c96b0b03a76","fullname":"Edgar","imgUrl":"https://a0.muscache.com/im/pictures/d17abb7c-beb0-4dbe-976e-fc633de18b4b.jpg?aki_policy=profile_small","username":"75091963","id":"75091963"} (userId: 6294d815d4a26c96b0b03a76)
1.6.2022, 8:43:22 - ERROR - while finding user undefined | Error: Argument passed in must be a single String of 12 bytes or a string of 24 hex characters (userId: 6294d815d4a26c96b0b03a76)
1.6.2022, 8:43:22 - ERROR - Failed to get user | Error: Argument passed in must be a single String of 12 bytes or a string of 24 hex characters (userId: 6294d815d4a26c96b0b03a76)
1.6.2022, 8:45:20 - ERROR - while finding user undefined | Error: Argument passed in must be a single String of 12 bytes or a string of 24 hex characters (userId: 6294d815d4a26c96b0b03a76)
1.6.2022, 8:45:20 - ERROR - Failed to get user | Error: Argument passed in must be a single String of 12 bytes or a string of 24 hex characters (userId: 6294d815d4a26c96b0b03a76)
1.6.2022, 8:45:38 - ERROR - while finding user undefined | Error: Argument passed in must be a single String of 12 bytes or a string of 24 hex characters (userId: 6294d815d4a26c96b0b03a76)
1.6.2022, 8:45:38 - ERROR - Failed to get user | Error: Argument passed in must be a single String of 12 bytes or a string of 24 hex characters (userId: 6294d815d4a26c96b0b03a76)
1.6.2022, 8:46:16 - ERROR - while finding user undefined | Error: Argument passed in must be a single String of 12 bytes or a string of 24 hex characters (userId: 6294d815d4a26c96b0b03a76)
1.6.2022, 8:46:16 - ERROR - Failed to get user | Error: Argument passed in must be a single String of 12 bytes or a string of 24 hex characters (userId: 6294d815d4a26c96b0b03a76)
1.6.2022, 8:46:41 - ERROR - while finding user undefined | Error: Argument passed in must be a single String of 12 bytes or a string of 24 hex characters (userId: 6294d815d4a26c96b0b03a76)
1.6.2022, 8:46:41 - ERROR - Failed to get user | Error: Argument passed in must be a single String of 12 bytes or a string of 24 hex characters (userId: 6294d815d4a26c96b0b03a76)
1.6.2022, 8:53:14 - DEBUG - auth.service - login with username: 75091963 (userId: 6294d815d4a26c96b0b03a76)
1.6.2022, 8:53:14 - INFO - User login:  | {"_id":"6294d815d4a26c96b0b03a76","fullname":"Edgar","imgUrl":"https://a0.muscache.com/im/pictures/d17abb7c-beb0-4dbe-976e-fc633de18b4b.jpg?aki_policy=profile_small","username":"75091963","id":"75091963"} (userId: 6294d815d4a26c96b0b03a76)
1.6.2022, 9:01:57 - DEBUG - auth.service - login with username: 75091963 
1.6.2022, 9:01:57 - INFO - User login:  | {"_id":"6294d815d4a26c96b0b03a76","fullname":"Edgar","imgUrl":"https://a0.muscache.com/im/pictures/d17abb7c-beb0-4dbe-976e-fc633de18b4b.jpg?aki_policy=profile_small","username":"75091963","id":"75091963"} 
1.6.2022, 9:02:02 - ERROR - while finding user undefined | Error: Argument passed in must be a single String of 12 bytes or a string of 24 hex characters (userId: 6294d815d4a26c96b0b03a76)
1.6.2022, 9:02:02 - ERROR - Failed to get user | Error: Argument passed in must be a single String of 12 bytes or a string of 24 hex characters (userId: 6294d815d4a26c96b0b03a76)
1.6.2022, 9:08:49 - DEBUG - auth.service - login with username: 75091963 (userId: 6294d815d4a26c96b0b03a76)
1.6.2022, 9:08:49 - INFO - User login:  | {"_id":"6294d815d4a26c96b0b03a76","fullname":"Edgar","imgUrl":"https://a0.muscache.com/im/pictures/d17abb7c-beb0-4dbe-976e-fc633de18b4b.jpg?aki_policy=profile_small","username":"75091963","id":"75091963"} (userId: 6294d815d4a26c96b0b03a76)
1.6.2022, 9:08:53 - ERROR - while finding user undefined | Error: Argument passed in must be a single String of 12 bytes or a string of 24 hex characters (userId: 6294d815d4a26c96b0b03a76)
1.6.2022, 9:08:53 - ERROR - Failed to get user | Error: Argument passed in must be a single String of 12 bytes or a string of 24 hex characters (userId: 6294d815d4a26c96b0b03a76)
1.6.2022, 9:12:32 - DEBUG - auth.service - login with username: 75091963 
1.6.2022, 9:12:32 - INFO - User login:  | {"_id":"6294d815d4a26c96b0b03a76","fullname":"Edgar","imgUrl":"https://a0.muscache.com/im/pictures/d17abb7c-beb0-4dbe-976e-fc633de18b4b.jpg?aki_policy=profile_small","username":"75091963","id":"75091963"} 
1.6.2022, 9:12:34 - ERROR - while finding user undefined | Error: Argument passed in must be a single String of 12 bytes or a string of 24 hex characters (userId: 6294d815d4a26c96b0b03a76)
1.6.2022, 9:12:34 - ERROR - Failed to get user | Error: Argument passed in must be a single String of 12 bytes or a string of 24 hex characters (userId: 6294d815d4a26c96b0b03a76)
1.6.2022, 10:21:32 - DEBUG - auth.service - login with username: 75091963 
1.6.2022, 10:21:32 - INFO - User login:  | {"_id":"6294d815d4a26c96b0b03a76","fullname":"Edgar","imgUrl":"https://a0.muscache.com/im/pictures/d17abb7c-beb0-4dbe-976e-fc633de18b4b.jpg?aki_policy=profile_small","username":"75091963","id":"75091963"} 
1.6.2022, 10:30:00 - DEBUG - auth.service - login with username: 75091963 (userId: 6294d815d4a26c96b0b03a76)
1.6.2022, 10:30:00 - INFO - User login:  | {"_id":"6294d815d4a26c96b0b03a76","fullname":"Edgar","imgUrl":"https://a0.muscache.com/im/pictures/d17abb7c-beb0-4dbe-976e-fc633de18b4b.jpg?aki_policy=profile_small","username":"75091963","id":"75091963"} (userId: 6294d815d4a26c96b0b03a76)
1.6.2022, 10:30:59 - DEBUG - auth.service - login with username: 75091963 (userId: 6294d815d4a26c96b0b03a76)
1.6.2022, 10:30:59 - INFO - User login:  | {"_id":"6294d815d4a26c96b0b03a76","fullname":"Edgar","imgUrl":"https://a0.muscache.com/im/pictures/d17abb7c-beb0-4dbe-976e-fc633de18b4b.jpg?aki_policy=profile_small","username":"75091963","id":"75091963"} (userId: 6294d815d4a26c96b0b03a76)
1.6.2022, 10:36:58 - DEBUG - auth.service - login with username: 75091963 (userId: 6294d815d4a26c96b0b03a76)
1.6.2022, 10:36:58 - INFO - User login:  | {"_id":"6294d815d4a26c96b0b03a76","fullname":"Edgar","imgUrl":"https://a0.muscache.com/im/pictures/d17abb7c-beb0-4dbe-976e-fc633de18b4b.jpg?aki_policy=profile_small","username":"75091963","id":"75091963"} (userId: 6294d815d4a26c96b0b03a76)
1.6.2022, 10:53:38 - DEBUG - auth.service - login with username: 75091963 (userId: 6294d815d4a26c96b0b03a76)
1.6.2022, 10:53:38 - INFO - User login:  | {"_id":"6294d815d4a26c96b0b03a76","fullname":"Edgar","imgUrl":"https://a0.muscache.com/im/pictures/d17abb7c-beb0-4dbe-976e-fc633de18b4b.jpg?aki_policy=profile_small","username":"75091963","id":"75091963"} (userId: 6294d815d4a26c96b0b03a76)
1.6.2022, 10:55:05 - DEBUG - auth.service - login with username: 75091963 (userId: 6294d815d4a26c96b0b03a76)
1.6.2022, 10:55:05 - INFO - User login:  | {"_id":"6294d815d4a26c96b0b03a76","fullname":"Edgar","imgUrl":"https://a0.muscache.com/im/pictures/d17abb7c-beb0-4dbe-976e-fc633de18b4b.jpg?aki_policy=profile_small","username":"75091963","id":"75091963"} (userId: 6294d815d4a26c96b0b03a76)
1.6.2022, 10:55:55 - DEBUG - auth.service - login with username: 75091963 (userId: 6294d815d4a26c96b0b03a76)
1.6.2022, 10:55:55 - INFO - User login:  | {"_id":"6294d815d4a26c96b0b03a76","fullname":"Edgar","imgUrl":"https://a0.muscache.com/im/pictures/d17abb7c-beb0-4dbe-976e-fc633de18b4b.jpg?aki_policy=profile_small","username":"75091963","id":"75091963"} (userId: 6294d815d4a26c96b0b03a76)
1.6.2022, 10:59:45 - DEBUG - auth.service - login with username: 75091963 (userId: 6294d815d4a26c96b0b03a76)
1.6.2022, 10:59:45 - INFO - User login:  | {"_id":"6294d815d4a26c96b0b03a76","fullname":"Edgar","imgUrl":"https://a0.muscache.com/im/pictures/d17abb7c-beb0-4dbe-976e-fc633de18b4b.jpg?aki_policy=profile_small","username":"75091963","id":"75091963"} (userId: 6294d815d4a26c96b0b03a76)
1.6.2022, 11:00:37 - DEBUG - auth.service - login with username: 75091963 (userId: 6294d815d4a26c96b0b03a76)
1.6.2022, 11:00:37 - INFO - User login:  | {"_id":"6294d815d4a26c96b0b03a76","fullname":"Edgar","imgUrl":"https://a0.muscache.com/im/pictures/d17abb7c-beb0-4dbe-976e-fc633de18b4b.jpg?aki_policy=profile_small","username":"75091963","id":"75091963"} (userId: 6294d815d4a26c96b0b03a76)
1.6.2022, 11:18:09 - DEBUG - auth.service - login with username: 75091963 (userId: 6294d815d4a26c96b0b03a76)
1.6.2022, 11:18:09 - INFO - User login:  | {"_id":"6294d815d4a26c96b0b03a76","fullname":"Edgar","imgUrl":"https://a0.muscache.com/im/pictures/d17abb7c-beb0-4dbe-976e-fc633de18b4b.jpg?aki_policy=profile_small","username":"75091963","id":"75091963"} (userId: 6294d815d4a26c96b0b03a76)
1.6.2022, 11:21:43 - DEBUG - auth.service - login with username: 75091963 (userId: 6294d815d4a26c96b0b03a76)
1.6.2022, 11:21:43 - INFO - User login:  | {"_id":"6294d815d4a26c96b0b03a76","fullname":"Edgar","imgUrl":"https://a0.muscache.com/im/pictures/d17abb7c-beb0-4dbe-976e-fc633de18b4b.jpg?aki_policy=profile_small","username":"75091963","id":"75091963"} (userId: 6294d815d4a26c96b0b03a76)
1.6.2022, 12:44:19 - DEBUG - auth.service - login with username: 75091963 (userId: 6294d815d4a26c96b0b03a76)
1.6.2022, 12:44:20 - INFO - User login:  | {"_id":"6294d815d4a26c96b0b03a76","fullname":"Edgar","imgUrl":"https://a0.muscache.com/im/pictures/d17abb7c-beb0-4dbe-976e-fc633de18b4b.jpg?aki_policy=profile_small","username":"75091963","id":"75091963"} (userId: 6294d815d4a26c96b0b03a76)
1.6.2022, 12:44:21 - ERROR - Failed to get user | Error: Argument passed in must be a single String of 12 bytes or a string of 24 hex characters (userId: 6294d815d4a26c96b0b03a76)
1.6.2022, 12:44:21 - ERROR - while finding user undefined | Error: Argument passed in must be a single String of 12 bytes or a string of 24 hex characters (userId: 6294d815d4a26c96b0b03a76)
1.6.2022, 14:12:39 - DEBUG - auth.service - login with username: 75091963 (userId: 6294d815d4a26c96b0b03a76)
1.6.2022, 14:12:39 - INFO - User login:  | {"_id":"6294d815d4a26c96b0b03a76","fullname":"Edgar","imgUrl":"https://a0.muscache.com/im/pictures/d17abb7c-beb0-4dbe-976e-fc633de18b4b.jpg?aki_policy=profile_small","username":"75091963","id":"75091963"} (userId: 6294d815d4a26c96b0b03a76)
1.6.2022, 14:12:40 - ERROR - while finding user undefined | Error: Argument passed in must be a single String of 12 bytes or a string of 24 hex characters (userId: 6294d815d4a26c96b0b03a76)
1.6.2022, 14:12:40 - ERROR - Failed to get user | Error: Argument passed in must be a single String of 12 bytes or a string of 24 hex characters (userId: 6294d815d4a26c96b0b03a76)
1.6.2022, 16:57:29 - DEBUG - auth.service - login with username: 75091963 (userId: 6294d815d4a26c96b0b03a76)
1.6.2022, 16:57:29 - INFO - User login:  | {"_id":"6294d815d4a26c96b0b03a76","fullname":"Edgar","imgUrl":"https://a0.muscache.com/im/pictures/d17abb7c-beb0-4dbe-976e-fc633de18b4b.jpg?aki_policy=profile_small","username":"75091963","id":"75091963"} (userId: 6294d815d4a26c96b0b03a76)
1.6.2022, 17:13:38 - DEBUG - auth.service - login with username: 75091963 (userId: 6294d815d4a26c96b0b03a76)
1.6.2022, 17:13:38 - INFO - User login:  | {"_id":"6294d815d4a26c96b0b03a76","fullname":"Edgar","imgUrl":"https://a0.muscache.com/im/pictures/d17abb7c-beb0-4dbe-976e-fc633de18b4b.jpg?aki_policy=profile_small","username":"75091963","id":"75091963"} (userId: 6294d815d4a26c96b0b03a76)
1.6.2022, 17:19:56 - DEBUG - auth.service - login with username: 75091963 (userId: 6294d815d4a26c96b0b03a76)
1.6.2022, 17:19:56 - INFO - User login:  | {"_id":"6294d815d4a26c96b0b03a76","fullname":"Edgar","imgUrl":"https://a0.muscache.com/im/pictures/d17abb7c-beb0-4dbe-976e-fc633de18b4b.jpg?aki_policy=profile_small","username":"75091963","id":"75091963"} (userId: 6294d815d4a26c96b0b03a76)
1.6.2022, 17:39:50 - DEBUG - auth.service - login with username: 75091963 (userId: 6294d815d4a26c96b0b03a76)
1.6.2022, 17:39:51 - INFO - User login:  | {"_id":"6294d815d4a26c96b0b03a76","fullname":"Edgar","imgUrl":"https://a0.muscache.com/im/pictures/d17abb7c-beb0-4dbe-976e-fc633de18b4b.jpg?aki_policy=profile_small","username":"75091963","id":"75091963"} (userId: 6294d815d4a26c96b0b03a76)
1.6.2022, 17:41:45 - DEBUG - auth.service - login with username: 75091963 (userId: 6294d815d4a26c96b0b03a76)
1.6.2022, 17:41:45 - INFO - User login:  | {"_id":"6294d815d4a26c96b0b03a76","fullname":"Edgar","imgUrl":"https://a0.muscache.com/im/pictures/d17abb7c-beb0-4dbe-976e-fc633de18b4b.jpg?aki_policy=profile_small","username":"75091963","id":"75091963"} (userId: 6294d815d4a26c96b0b03a76)
1.6.2022, 17:50:47 - DEBUG - auth.service - login with username: 75091963 (userId: 6294d815d4a26c96b0b03a76)
1.6.2022, 17:50:47 - INFO - User login:  | {"_id":"6294d815d4a26c96b0b03a76","fullname":"Edgar","imgUrl":"https://a0.muscache.com/im/pictures/d17abb7c-beb0-4dbe-976e-fc633de18b4b.jpg?aki_policy=profile_small","username":"75091963","id":"75091963"} (userId: 6294d815d4a26c96b0b03a76)
1.6.2022, 17:53:52 - DEBUG - auth.service - login with username: 75091963 (userId: 6294d815d4a26c96b0b03a76)
1.6.2022, 17:53:52 - INFO - User login:  | {"_id":"6294d815d4a26c96b0b03a76","fullname":"Edgar","imgUrl":"https://a0.muscache.com/im/pictures/d17abb7c-beb0-4dbe-976e-fc633de18b4b.jpg?aki_policy=profile_small","username":"75091963","id":"75091963"} (userId: 6294d815d4a26c96b0b03a76)
1.6.2022, 18:18:10 - DEBUG - auth.service - login with username: 75091963 (userId: 6294d815d4a26c96b0b03a76)
1.6.2022, 18:18:10 - INFO - User login:  | {"_id":"6294d815d4a26c96b0b03a76","fullname":"Edgar","imgUrl":"https://a0.muscache.com/im/pictures/d17abb7c-beb0-4dbe-976e-fc633de18b4b.jpg?aki_policy=profile_small","username":"75091963","id":"75091963"} (userId: 6294d815d4a26c96b0b03a76)
1.6.2022, 18:18:54 - DEBUG - auth.service - login with username: 75091963 (userId: 6294d815d4a26c96b0b03a76)
1.6.2022, 18:18:54 - INFO - User login:  | {"_id":"6294d815d4a26c96b0b03a76","fullname":"Edgar","imgUrl":"https://a0.muscache.com/im/pictures/d17abb7c-beb0-4dbe-976e-fc633de18b4b.jpg?aki_policy=profile_small","username":"75091963","id":"75091963"} (userId: 6294d815d4a26c96b0b03a76)
1.6.2022, 18:22:31 - DEBUG - auth.service - login with username: 75091963 (userId: 6294d815d4a26c96b0b03a76)
1.6.2022, 18:22:31 - INFO - User login:  | {"_id":"6294d815d4a26c96b0b03a76","fullname":"Edgar","imgUrl":"https://a0.muscache.com/im/pictures/d17abb7c-beb0-4dbe-976e-fc633de18b4b.jpg?aki_policy=profile_small","username":"75091963","id":"75091963"} (userId: 6294d815d4a26c96b0b03a76)
1.6.2022, 18:25:48 - DEBUG - auth.service - login with username: 75091963 (userId: 6294d815d4a26c96b0b03a76)
1.6.2022, 18:25:48 - INFO - User login:  | {"_id":"6294d815d4a26c96b0b03a76","fullname":"Edgar","imgUrl":"https://a0.muscache.com/im/pictures/d17abb7c-beb0-4dbe-976e-fc633de18b4b.jpg?aki_policy=profile_small","username":"75091963","id":"75091963"} (userId: 6294d815d4a26c96b0b03a76)
1.6.2022, 20:02:31 - DEBUG - auth.service - login with username: 75091963 (userId: 6294d815d4a26c96b0b03a76)
1.6.2022, 20:02:31 - INFO - User login:  | {"_id":"6294d815d4a26c96b0b03a76","fullname":"Edgar","imgUrl":"https://a0.muscache.com/im/pictures/d17abb7c-beb0-4dbe-976e-fc633de18b4b.jpg?aki_policy=profile_small","username":"75091963","id":"75091963"} (userId: 6294d815d4a26c96b0b03a76)
1.6.2022, 20:02:33 - ERROR - while finding user undefined | Error: Argument passed in must be a single String of 12 bytes or a string of 24 hex characters (userId: 6294d815d4a26c96b0b03a76)
1.6.2022, 20:02:33 - ERROR - Failed to get user | Error: Argument passed in must be a single String of 12 bytes or a string of 24 hex characters (userId: 6294d815d4a26c96b0b03a76)
1.6.2022, 20:20:03 - INFO - Server is running on port: 3030 
1.6.2022, 20:20:13 - INFO - Server is running on port: 3030 
1.6.2022, 20:20:28 - INFO - Server is running on port: 3030 
1.6.2022, 20:52:14 - INFO - Server is running on port: 3030 
1.6.2022, 20:55:06 - INFO - Server is running on port: 3030 
1.6.2022, 21:21:56 - INFO - Server is running on port: 3030 
1.6.2022, 21:39:50 - INFO - Server is running on port: 3030 
1.6.2022, 21:47:25 - INFO - Server is running on port: 3030 
1.6.2022, 22:14:48 - DEBUG - auth.service - login with username: 75091963 (userId: 6294d815d4a26c96b0b03a76)
1.6.2022, 22:14:48 - INFO - User login:  | {"_id":"6294d815d4a26c96b0b03a76","fullname":"Edgar","imgUrl":"https://a0.muscache.com/im/pictures/d17abb7c-beb0-4dbe-976e-fc633de18b4b.jpg?aki_policy=profile_small","username":"75091963","id":"75091963"} (userId: 6294d815d4a26c96b0b03a76)
1.6.2022, 22:20:42 - INFO - Server is running on port: 3030 
1.6.2022, 22:22:41 - INFO - Server is running on port: 3030 
1.6.2022, 22:22:56 - INFO - Server is running on port: 3030 
1.6.2022, 22:42:15 - INFO - Server is running on port: 3030 
1.6.2022, 22:51:46 - INFO - Server is running on port: 3030 
1.6.2022, 22:59:44 - INFO - Server is running on port: 3030 
1.6.2022, 23:28:21 - DEBUG - auth.service - login with username: 75091963 (userId: 6294d815d4a26c96b0b03a76)
1.6.2022, 23:28:21 - INFO - User login:  | {"_id":"6294d815d4a26c96b0b03a76","fullname":"Edgar","imgUrl":"https://a0.muscache.com/im/pictures/d17abb7c-beb0-4dbe-976e-fc633de18b4b.jpg?aki_policy=profile_small","username":"75091963","id":"75091963"} (userId: 6294d815d4a26c96b0b03a76)
1.6.2022, 23:28:22 - ERROR - Failed to get user | Error: Argument passed in must be a single String of 12 bytes or a string of 24 hex characters (userId: 6294d815d4a26c96b0b03a76)
1.6.2022, 23:28:22 - ERROR - while finding user undefined | Error: Argument passed in must be a single String of 12 bytes or a string of 24 hex characters (userId: 6294d815d4a26c96b0b03a76)
1.6.2022, 23:28:52 - ERROR - while finding user undefined | Error: Argument passed in must be a single String of 12 bytes or a string of 24 hex characters (userId: 6294d815d4a26c96b0b03a76)
1.6.2022, 23:28:52 - ERROR - Failed to get user | Error: Argument passed in must be a single String of 12 bytes or a string of 24 hex characters (userId: 6294d815d4a26c96b0b03a76)
1.6.2022, 23:29:07 - ERROR - while finding user undefined | Error: Argument passed in must be a single String of 12 bytes or a string of 24 hex characters (userId: 6294d815d4a26c96b0b03a76)
1.6.2022, 23:29:07 - ERROR - Failed to get user | Error: Argument passed in must be a single String of 12 bytes or a string of 24 hex characters (userId: 6294d815d4a26c96b0b03a76)
1.6.2022, 23:29:44 - ERROR - while finding user undefined | Error: Argument passed in must be a single String of 12 bytes or a string of 24 hex characters (userId: 6294d815d4a26c96b0b03a76)
1.6.2022, 23:29:44 - ERROR - Failed to get user | Error: Argument passed in must be a single String of 12 bytes or a string of 24 hex characters (userId: 6294d815d4a26c96b0b03a76)
1.6.2022, 23:30:36 - DEBUG - auth.service - login with username: 75091963 (userId: 6294d815d4a26c96b0b03a76)
1.6.2022, 23:30:36 - INFO - User login:  | {"_id":"6294d815d4a26c96b0b03a76","fullname":"Edgar","imgUrl":"https://a0.muscache.com/im/pictures/d17abb7c-beb0-4dbe-976e-fc633de18b4b.jpg?aki_policy=profile_small","username":"75091963","id":"75091963"} (userId: 6294d815d4a26c96b0b03a76)
1.6.2022, 23:30:37 - ERROR - Failed to get user | Error: Argument passed in must be a single String of 12 bytes or a string of 24 hex characters (userId: 6294d815d4a26c96b0b03a76)
1.6.2022, 23:30:37 - ERROR - while finding user undefined | Error: Argument passed in must be a single String of 12 bytes or a string of 24 hex characters (userId: 6294d815d4a26c96b0b03a76)
1.6.2022, 23:35:29 - DEBUG - auth.service - login with username: 75091963 (userId: 6294d815d4a26c96b0b03a76)
1.6.2022, 23:35:29 - INFO - User login:  | {"_id":"6294d815d4a26c96b0b03a76","fullname":"Edgar","imgUrl":"https://a0.muscache.com/im/pictures/d17abb7c-beb0-4dbe-976e-fc633de18b4b.jpg?aki_policy=profile_small","username":"75091963","id":"75091963"} (userId: 6294d815d4a26c96b0b03a76)
1.6.2022, 23:35:30 - ERROR - while finding user undefined | Error: Argument passed in must be a single String of 12 bytes or a string of 24 hex characters (userId: 6294d815d4a26c96b0b03a76)
1.6.2022, 23:35:30 - ERROR - Failed to get user | Error: Argument passed in must be a single String of 12 bytes or a string of 24 hex characters (userId: 6294d815d4a26c96b0b03a76)
1.6.2022, 23:49:35 - INFO - Server is running on port: 3030 
1.6.2022, 23:54:11 - INFO - Server is running on port: 3030 
1.6.2022, 23:54:15 - INFO - Server is running on port: 3030 
2.6.2022, 9:25:04 - DEBUG - auth.service - login with username: 75091963 (userId: 6294d815d4a26c96b0b03a76)
2.6.2022, 9:25:04 - INFO - User login:  | {"_id":"6294d815d4a26c96b0b03a76","fullname":"Edgar","imgUrl":"https://a0.muscache.com/im/pictures/d17abb7c-beb0-4dbe-976e-fc633de18b4b.jpg?aki_policy=profile_small","username":"75091963","id":"75091963"} (userId: 6294d815d4a26c96b0b03a76)
2.6.2022, 9:25:06 - ERROR - while finding user undefined | Error: Argument passed in must be a single String of 12 bytes or a string of 24 hex characters (userId: 6294d815d4a26c96b0b03a76)
2.6.2022, 9:25:06 - ERROR - Failed to get user | Error: Argument passed in must be a single String of 12 bytes or a string of 24 hex characters (userId: 6294d815d4a26c96b0b03a76)
2.6.2022, 9:29:24 - ERROR - while finding user undefined | Error: Argument passed in must be a single String of 12 bytes or a string of 24 hex characters (userId: 6294d815d4a26c96b0b03a76)
2.6.2022, 9:29:24 - ERROR - Failed to get user | Error: Argument passed in must be a single String of 12 bytes or a string of 24 hex characters (userId: 6294d815d4a26c96b0b03a76)
2.6.2022, 9:56:13 - INFO - Server is running on port: 3030 
2.6.2022, 9:57:41 - DEBUG - auth.service - login with username: 75091963 (userId: 6294d815d4a26c96b0b03a76)
2.6.2022, 9:57:41 - INFO - User login:  | {"_id":"6294d815d4a26c96b0b03a76","fullname":"Edgar","imgUrl":"https://a0.muscache.com/im/pictures/d17abb7c-beb0-4dbe-976e-fc633de18b4b.jpg?aki_policy=profile_small","username":"75091963","id":"75091963"} (userId: 6294d815d4a26c96b0b03a76)
2.6.2022, 10:00:35 - DEBUG - auth.service - login with username: 75091963 (userId: 6294d815d4a26c96b0b03a76)
2.6.2022, 10:00:35 - INFO - User login:  | {"_id":"6294d815d4a26c96b0b03a76","fullname":"Edgar","imgUrl":"https://a0.muscache.com/im/pictures/d17abb7c-beb0-4dbe-976e-fc633de18b4b.jpg?aki_policy=profile_small","username":"75091963","id":"75091963"} (userId: 6294d815d4a26c96b0b03a76)
2.6.2022, 10:04:29 - INFO - Server is running on port: 3030 
2.6.2022, 10:44:01 - DEBUG - auth.service - login with username: 75091963 (userId: 6294d815d4a26c96b0b03a76)
2.6.2022, 10:44:01 - INFO - User login:  | {"_id":"6294d815d4a26c96b0b03a76","fullname":"Edgar","imgUrl":"https://a0.muscache.com/im/pictures/d17abb7c-beb0-4dbe-976e-fc633de18b4b.jpg?aki_policy=profile_small","username":"75091963","id":"75091963"} (userId: 6294d815d4a26c96b0b03a76)
2.6.2022, 10:44:24 - DEBUG - auth.service - login with username: 75091963 (userId: 6294d815d4a26c96b0b03a76)
2.6.2022, 10:44:24 - INFO - User login:  | {"_id":"6294d815d4a26c96b0b03a76","fullname":"Edgar","imgUrl":"https://a0.muscache.com/im/pictures/d17abb7c-beb0-4dbe-976e-fc633de18b4b.jpg?aki_policy=profile_small","username":"75091963","id":"75091963"} (userId: 6294d815d4a26c96b0b03a76)
2.6.2022, 10:51:43 - INFO - Server is running on port: 3030 
2.6.2022, 10:52:11 - ERROR - while finding user undefined | TypeError: Cannot convert undefined or null to object (userId: 6294d815d4a26c96b0b03a76)
2.6.2022, 10:52:11 - ERROR - Failed to add order | TypeError: Cannot convert undefined or null to object (userId: 6294d815d4a26c96b0b03a76)
2.6.2022, 11:00:25 - DEBUG - auth.service - login with username: 75091963 (userId: 6294d815d4a26c96b0b03a76)
2.6.2022, 11:00:25 - INFO - User login:  | {"_id":"6294d815d4a26c96b0b03a76","fullname":"Edgar","imgUrl":"https://a0.muscache.com/im/pictures/d17abb7c-beb0-4dbe-976e-fc633de18b4b.jpg?aki_policy=profile_small","username":"75091963","id":"75091963"} (userId: 6294d815d4a26c96b0b03a76)
2.6.2022, 11:10:08 - DEBUG - auth.service - login with username: 75091963 (userId: 6294d815d4a26c96b0b03a76)
2.6.2022, 11:10:08 - INFO - User login:  | {"_id":"6294d815d4a26c96b0b03a76","fullname":"Edgar","imgUrl":"https://a0.muscache.com/im/pictures/d17abb7c-beb0-4dbe-976e-fc633de18b4b.jpg?aki_policy=profile_small","username":"75091963","id":"75091963"} (userId: 6294d815d4a26c96b0b03a76)
2.6.2022, 11:10:18 - ERROR - while finding user undefined | TypeError: Cannot convert undefined or null to object (userId: 6294d815d4a26c96b0b03a76)
2.6.2022, 11:10:18 - ERROR - Failed to add order | TypeError: Cannot convert undefined or null to object (userId: 6294d815d4a26c96b0b03a76)
2.6.2022, 11:23:11 - INFO - Server is running on port: 3030 
2.6.2022, 11:30:11 - DEBUG - auth.service - login with username: 75091963 (userId: 6294d815d4a26c96b0b03a76)
2.6.2022, 11:30:12 - INFO - User login:  | {"_id":"6294d815d4a26c96b0b03a76","fullname":"Edgar","imgUrl":"https://a0.muscache.com/im/pictures/d17abb7c-beb0-4dbe-976e-fc633de18b4b.jpg?aki_policy=profile_small","username":"75091963","id":"75091963"} (userId: 6294d815d4a26c96b0b03a76)
2.6.2022, 11:33:29 - ERROR - while finding user undefined | TypeError: Cannot convert undefined or null to object (userId: 6294d815d4a26c96b0b03a76)
2.6.2022, 11:33:29 - ERROR - Failed to add order | TypeError: Cannot convert undefined or null to object (userId: 6294d815d4a26c96b0b03a76)
2.6.2022, 11:36:18 - ERROR - Failed to add order | TypeError: Cannot convert undefined or null to object (userId: 6294d815d4a26c96b0b03a76)
2.6.2022, 11:36:18 - ERROR - while finding user undefined | TypeError: Cannot convert undefined or null to object (userId: 6294d815d4a26c96b0b03a76)
2.6.2022, 11:36:20 - ERROR - Failed to get user | Error: Argument passed in must be a single String of 12 bytes or a string of 24 hex characters (userId: 6294d815d4a26c96b0b03a76)
2.6.2022, 11:36:20 - ERROR - while finding user undefined | Error: Argument passed in must be a single String of 12 bytes or a string of 24 hex characters (userId: 6294d815d4a26c96b0b03a76)
2.6.2022, 12:28:20 - DEBUG - auth.service - login with username: 75091963 (userId: 6294d815d4a26c96b0b03a76)
2.6.2022, 12:28:20 - INFO - User login:  | {"_id":"6294d815d4a26c96b0b03a76","fullname":"Edgar","imgUrl":"https://a0.muscache.com/im/pictures/d17abb7c-beb0-4dbe-976e-fc633de18b4b.jpg?aki_policy=profile_small","username":"75091963","id":"75091963"} (userId: 6294d815d4a26c96b0b03a76)
2.6.2022, 12:28:41 - ERROR - while finding user undefined | TypeError: Cannot convert undefined or null to object (userId: 6294d815d4a26c96b0b03a76)
2.6.2022, 12:28:41 - ERROR - Failed to add order | TypeError: Cannot convert undefined or null to object (userId: 6294d815d4a26c96b0b03a76)
2.6.2022, 12:31:48 - ERROR - while finding user undefined | Error: Argument passed in must be a single String of 12 bytes or a string of 24 hex characters (userId: 6294d815d4a26c96b0b03a76)
2.6.2022, 12:31:48 - ERROR - Failed to get user | Error: Argument passed in must be a single String of 12 bytes or a string of 24 hex characters (userId: 6294d815d4a26c96b0b03a76)
2.6.2022, 12:32:38 - ERROR - Failed to add order | TypeError: Cannot convert undefined or null to object (userId: 6294d815d4a26c96b0b03a76)
2.6.2022, 12:32:38 - ERROR - while finding user undefined | TypeError: Cannot convert undefined or null to object (userId: 6294d815d4a26c96b0b03a76)
2.6.2022, 12:32:49 - ERROR - while finding user undefined | Error: Argument passed in must be a single String of 12 bytes or a string of 24 hex characters (userId: 6294d815d4a26c96b0b03a76)
2.6.2022, 12:32:49 - ERROR - Failed to get user | Error: Argument passed in must be a single String of 12 bytes or a string of 24 hex characters (userId: 6294d815d4a26c96b0b03a76)
2.6.2022, 12:33:25 - ERROR - Failed to get user | Error: Argument passed in must be a single String of 12 bytes or a string of 24 hex characters (userId: 6294d815d4a26c96b0b03a76)
2.6.2022, 12:33:25 - ERROR - while finding user undefined | Error: Argument passed in must be a single String of 12 bytes or a string of 24 hex characters (userId: 6294d815d4a26c96b0b03a76)
2.6.2022, 12:33:31 - DEBUG - auth.service - login with username: 75091963 (userId: 6294d815d4a26c96b0b03a76)
2.6.2022, 12:33:31 - INFO - User login:  | {"_id":"6294d815d4a26c96b0b03a76","fullname":"Edgar","imgUrl":"https://a0.muscache.com/im/pictures/d17abb7c-beb0-4dbe-976e-fc633de18b4b.jpg?aki_policy=profile_small","username":"75091963","id":"75091963"} (userId: 6294d815d4a26c96b0b03a76)
2.6.2022, 12:33:32 - ERROR - Failed to get user | Error: Argument passed in must be a single String of 12 bytes or a string of 24 hex characters (userId: 6294d815d4a26c96b0b03a76)
2.6.2022, 12:33:32 - ERROR - while finding user undefined | Error: Argument passed in must be a single String of 12 bytes or a string of 24 hex characters (userId: 6294d815d4a26c96b0b03a76)
2.6.2022, 12:33:40 - ERROR - Failed to get user | Error: Argument passed in must be a single String of 12 bytes or a string of 24 hex characters (userId: 6294d815d4a26c96b0b03a76)
2.6.2022, 12:33:40 - ERROR - while finding user undefined | Error: Argument passed in must be a single String of 12 bytes or a string of 24 hex characters (userId: 6294d815d4a26c96b0b03a76)
2.6.2022, 12:33:41 - ERROR - while finding user undefined | Error: Argument passed in must be a single String of 12 bytes or a string of 24 hex characters (userId: 6294d815d4a26c96b0b03a76)
2.6.2022, 12:33:41 - ERROR - Failed to get user | Error: Argument passed in must be a single String of 12 bytes or a string of 24 hex characters (userId: 6294d815d4a26c96b0b03a76)
2.6.2022, 12:34:02 - ERROR - while finding user undefined | TypeError: Cannot convert undefined or null to object (userId: 6294d815d4a26c96b0b03a76)
2.6.2022, 12:34:02 - ERROR - Failed to add order | TypeError: Cannot convert undefined or null to object (userId: 6294d815d4a26c96b0b03a76)
2.6.2022, 12:34:06 - ERROR - while finding user undefined | Error: Argument passed in must be a single String of 12 bytes or a string of 24 hex characters (userId: 6294d815d4a26c96b0b03a76)
2.6.2022, 12:34:06 - ERROR - Failed to get user | Error: Argument passed in must be a single String of 12 bytes or a string of 24 hex characters (userId: 6294d815d4a26c96b0b03a76)
2.6.2022, 12:34:13 - ERROR - while finding user undefined | Error: Argument passed in must be a single String of 12 bytes or a string of 24 hex characters (userId: 6294d815d4a26c96b0b03a76)
2.6.2022, 12:34:13 - ERROR - Failed to get user | Error: Argument passed in must be a single String of 12 bytes or a string of 24 hex characters (userId: 6294d815d4a26c96b0b03a76)
2.6.2022, 12:34:14 - ERROR - while finding user undefined | Error: Argument passed in must be a single String of 12 bytes or a string of 24 hex characters (userId: 6294d815d4a26c96b0b03a76)
2.6.2022, 12:34:14 - ERROR - Failed to get user | Error: Argument passed in must be a single String of 12 bytes or a string of 24 hex characters (userId: 6294d815d4a26c96b0b03a76)
2.6.2022, 12:34:20 - ERROR - while finding user undefined | Error: Argument passed in must be a single String of 12 bytes or a string of 24 hex characters (userId: 6294d815d4a26c96b0b03a76)
2.6.2022, 12:34:20 - ERROR - Failed to get user | Error: Argument passed in must be a single String of 12 bytes or a string of 24 hex characters (userId: 6294d815d4a26c96b0b03a76)
2.6.2022, 12:34:22 - ERROR - while finding user undefined | Error: Argument passed in must be a single String of 12 bytes or a string of 24 hex characters (userId: 6294d815d4a26c96b0b03a76)
2.6.2022, 12:34:22 - ERROR - Failed to get user | Error: Argument passed in must be a single String of 12 bytes or a string of 24 hex characters (userId: 6294d815d4a26c96b0b03a76)
2.6.2022, 12:34:22 - ERROR - while finding user undefined | Error: Argument passed in must be a single String of 12 bytes or a string of 24 hex characters (userId: 6294d815d4a26c96b0b03a76)
2.6.2022, 12:34:22 - ERROR - Failed to get user | Error: Argument passed in must be a single String of 12 bytes or a string of 24 hex characters (userId: 6294d815d4a26c96b0b03a76)
2.6.2022, 12:41:29 - INFO - Server is running on port: 3030 
2.6.2022, 12:41:47 - INFO - Server is running on port: 3030 
2.6.2022, 12:41:54 - ERROR - while finding user undefined | Error: Argument passed in must be a single String of 12 bytes or a string of 24 hex characters (userId: 6294d815d4a26c96b0b03a76)
2.6.2022, 12:41:54 - ERROR - Failed to get user | Error: Argument passed in must be a single String of 12 bytes or a string of 24 hex characters (userId: 6294d815d4a26c96b0b03a76)
2.6.2022, 12:42:08 - ERROR - while finding user undefined | Error: Argument passed in must be a single String of 12 bytes or a string of 24 hex characters (userId: 6294d815d4a26c96b0b03a76)
2.6.2022, 12:42:08 - ERROR - Failed to get user | Error: Argument passed in must be a single String of 12 bytes or a string of 24 hex characters (userId: 6294d815d4a26c96b0b03a76)
2.6.2022, 12:42:33 - DEBUG - auth.service - login with username: 75091963 (userId: 6294d815d4a26c96b0b03a76)
2.6.2022, 12:42:33 - INFO - User login:  | {"_id":"6294d815d4a26c96b0b03a76","fullname":"Edgar","imgUrl":"https://a0.muscache.com/im/pictures/d17abb7c-beb0-4dbe-976e-fc633de18b4b.jpg?aki_policy=profile_small","username":"75091963","id":"75091963"} (userId: 6294d815d4a26c96b0b03a76)
2.6.2022, 12:42:37 - ERROR - while finding user undefined | Error: Argument passed in must be a single String of 12 bytes or a string of 24 hex characters (userId: 6294d815d4a26c96b0b03a76)
2.6.2022, 12:42:37 - ERROR - Failed to get user | Error: Argument passed in must be a single String of 12 bytes or a string of 24 hex characters (userId: 6294d815d4a26c96b0b03a76)
2.6.2022, 12:42:42 - ERROR - while finding user undefined | Error: Argument passed in must be a single String of 12 bytes or a string of 24 hex characters (userId: 6294d815d4a26c96b0b03a76)
2.6.2022, 12:42:42 - ERROR - Failed to get user | Error: Argument passed in must be a single String of 12 bytes or a string of 24 hex characters (userId: 6294d815d4a26c96b0b03a76)
2.6.2022, 12:42:43 - ERROR - while finding user undefined | Error: Argument passed in must be a single String of 12 bytes or a string of 24 hex characters (userId: 6294d815d4a26c96b0b03a76)
2.6.2022, 12:42:43 - ERROR - Failed to get user | Error: Argument passed in must be a single String of 12 bytes or a string of 24 hex characters (userId: 6294d815d4a26c96b0b03a76)
2.6.2022, 12:43:18 - ERROR - while finding user undefined | Error: Argument passed in must be a single String of 12 bytes or a string of 24 hex characters (userId: 6294d815d4a26c96b0b03a76)
2.6.2022, 12:43:18 - ERROR - Failed to get user | Error: Argument passed in must be a single String of 12 bytes or a string of 24 hex characters (userId: 6294d815d4a26c96b0b03a76)
2.6.2022, 12:43:19 - ERROR - while finding user undefined | Error: Argument passed in must be a single String of 12 bytes or a string of 24 hex characters (userId: 6294d815d4a26c96b0b03a76)
2.6.2022, 12:43:19 - ERROR - Failed to get user | Error: Argument passed in must be a single String of 12 bytes or a string of 24 hex characters (userId: 6294d815d4a26c96b0b03a76)
2.6.2022, 12:45:05 - ERROR - while finding user undefined | Error: Argument passed in must be a single String of 12 bytes or a string of 24 hex characters (userId: 6294d815d4a26c96b0b03a76)
2.6.2022, 12:45:05 - ERROR - Failed to get user | Error: Argument passed in must be a single String of 12 bytes or a string of 24 hex characters (userId: 6294d815d4a26c96b0b03a76)
2.6.2022, 12:45:12 - ERROR - while finding user undefined | Error: Argument passed in must be a single String of 12 bytes or a string of 24 hex characters (userId: 6294d815d4a26c96b0b03a76)
2.6.2022, 12:45:12 - ERROR - Failed to get user | Error: Argument passed in must be a single String of 12 bytes or a string of 24 hex characters (userId: 6294d815d4a26c96b0b03a76)
2.6.2022, 12:45:14 - ERROR - while finding user undefined | Error: Argument passed in must be a single String of 12 bytes or a string of 24 hex characters (userId: 6294d815d4a26c96b0b03a76)
2.6.2022, 12:45:14 - ERROR - Failed to get user | Error: Argument passed in must be a single String of 12 bytes or a string of 24 hex characters (userId: 6294d815d4a26c96b0b03a76)
2.6.2022, 12:45:24 - ERROR - while finding user undefined | Error: Argument passed in must be a single String of 12 bytes or a string of 24 hex characters (userId: 6294d815d4a26c96b0b03a76)
2.6.2022, 12:45:24 - ERROR - Failed to get user | Error: Argument passed in must be a single String of 12 bytes or a string of 24 hex characters (userId: 6294d815d4a26c96b0b03a76)
2.6.2022, 12:45:25 - ERROR - while finding user undefined | Error: Argument passed in must be a single String of 12 bytes or a string of 24 hex characters (userId: 6294d815d4a26c96b0b03a76)
2.6.2022, 12:45:25 - ERROR - Failed to get user | Error: Argument passed in must be a single String of 12 bytes or a string of 24 hex characters (userId: 6294d815d4a26c96b0b03a76)
2.6.2022, 12:55:37 - DEBUG - auth.service - login with username: 75091963 
2.6.2022, 12:55:37 - INFO - User login:  | {"_id":"6294d815d4a26c96b0b03a76","fullname":"Edgar","imgUrl":"https://a0.muscache.com/im/pictures/d17abb7c-beb0-4dbe-976e-fc633de18b4b.jpg?aki_policy=profile_small","username":"75091963","id":"75091963"} 
